[debug] [2023-02-02T16:43:48.102Z] ----------------------------------------------------------------------
[debug] [2023-02-02T16:43:48.103Z] Command:       /usr/local/bin/node /Users/sabashavidze/Destkop - Saba/ssr-react-firebase/node_modules/.bin/firebase deploy
[debug] [2023-02-02T16:43:48.103Z] CLI Version:   11.22.0
[debug] [2023-02-02T16:43:48.103Z] Platform:      darwin
[debug] [2023-02-02T16:43:48.103Z] Node Version:  v16.15.1
[debug] [2023-02-02T16:43:48.104Z] Time:          Thu Feb 02 2023 20:43:48 GMT+0400 (Georgia Standard Time)
[debug] [2023-02-02T16:43:48.104Z] ----------------------------------------------------------------------
[debug] 
[debug] [2023-02-02T16:43:48.132Z] Field ".functions" in "firebase.json" is possibly invalid: should be object
[debug] [2023-02-02T16:43:48.132Z] Object ".functions[0]" in "firebase.json" has unknown property: {"additionalProperty":"rewrite"}
[debug] [2023-02-02T16:43:48.132Z] Field ".functions" in "firebase.json" is possibly invalid: should match some schema in anyOf
[debug] [2023-02-02T16:43:48.134Z] > command requires scopes: ["email","openid","https://www.googleapis.com/auth/cloudplatformprojects.readonly","https://www.googleapis.com/auth/firebase","https://www.googleapis.com/auth/cloud-platform"]
[debug] [2023-02-02T16:43:48.134Z] > authorizing via signed-in user (sabashavidze@gmail.com)
[debug] [2023-02-02T16:43:48.134Z] [iam] checking project react-tut-184010 for permissions ["cloudfunctions.functions.create","cloudfunctions.functions.delete","cloudfunctions.functions.get","cloudfunctions.functions.list","cloudfunctions.functions.update","cloudfunctions.operations.get","firebase.projects.get"]
[debug] [2023-02-02T16:43:48.135Z] >>> [apiv2][query] POST https://cloudresourcemanager.googleapis.com/v1/projects/react-tut-184010:testIamPermissions [none]
[debug] [2023-02-02T16:43:48.135Z] >>> [apiv2][(partial)header] POST https://cloudresourcemanager.googleapis.com/v1/projects/react-tut-184010:testIamPermissions x-goog-quota-user=projects/react-tut-184010
[debug] [2023-02-02T16:43:48.135Z] >>> [apiv2][body] POST https://cloudresourcemanager.googleapis.com/v1/projects/react-tut-184010:testIamPermissions {"permissions":["cloudfunctions.functions.create","cloudfunctions.functions.delete","cloudfunctions.functions.get","cloudfunctions.functions.list","cloudfunctions.functions.update","cloudfunctions.operations.get","firebase.projects.get"]}
[debug] [2023-02-02T16:43:48.524Z] <<< [apiv2][status] POST https://cloudresourcemanager.googleapis.com/v1/projects/react-tut-184010:testIamPermissions 200
[debug] [2023-02-02T16:43:48.525Z] <<< [apiv2][body] POST https://cloudresourcemanager.googleapis.com/v1/projects/react-tut-184010:testIamPermissions {"permissions":["cloudfunctions.functions.create","cloudfunctions.functions.delete","cloudfunctions.functions.get","cloudfunctions.functions.list","cloudfunctions.functions.update","cloudfunctions.operations.get","firebase.projects.get"]}
[debug] [2023-02-02T16:43:48.525Z] >>> [apiv2][query] POST https://iam.googleapis.com/v1/projects/react-tut-184010/serviceAccounts/react-tut-184010@appspot.gserviceaccount.com:testIamPermissions [none]
[debug] [2023-02-02T16:43:48.526Z] >>> [apiv2][body] POST https://iam.googleapis.com/v1/projects/react-tut-184010/serviceAccounts/react-tut-184010@appspot.gserviceaccount.com:testIamPermissions {"permissions":["iam.serviceAccounts.actAs"]}
[debug] [2023-02-02T16:43:48.894Z] <<< [apiv2][status] POST https://iam.googleapis.com/v1/projects/react-tut-184010/serviceAccounts/react-tut-184010@appspot.gserviceaccount.com:testIamPermissions 200
[debug] [2023-02-02T16:43:48.894Z] <<< [apiv2][body] POST https://iam.googleapis.com/v1/projects/react-tut-184010/serviceAccounts/react-tut-184010@appspot.gserviceaccount.com:testIamPermissions {"permissions":["iam.serviceAccounts.actAs"]}
[info] 
[info] === Deploying to 'react-tut-184010'...
[info] 
[info] i  deploying functions 
[debug] [2023-02-02T16:43:48.897Z] >>> [apiv2][query] GET https://firebase.googleapis.com/v1beta1/projects/react-tut-184010 [none]
[debug] [2023-02-02T16:43:49.440Z] <<< [apiv2][status] GET https://firebase.googleapis.com/v1beta1/projects/react-tut-184010 200
[debug] [2023-02-02T16:43:49.440Z] <<< [apiv2][body] GET https://firebase.googleapis.com/v1beta1/projects/react-tut-184010 {"projectId":"react-tut-184010","projectNumber":"165086124569","displayName":"react-tut","name":"projects/react-tut-184010","resources":{"hostingSite":"react-tut-184010","realtimeDatabaseInstance":"react-tut-184010","storageBucket":"react-tut-184010.appspot.com","locationId":"us-central"},"state":"ACTIVE","etag":"1_5656fabc-03e4-4a4d-b3d4-ac6fba444637"}
[info] i  functions: preparing codebase default for deployment 
[info] i  functions: ensuring required API cloudfunctions.googleapis.com is enabled... 
[info] i  functions: ensuring required API cloudbuild.googleapis.com is enabled... 
[info] i  artifactregistry: ensuring required API artifactregistry.googleapis.com is enabled... 
[debug] [2023-02-02T16:43:49.441Z] >>> [apiv2][query] GET https://serviceusage.googleapis.com/v1/projects/react-tut-184010/services/cloudfunctions.googleapis.com [none]
[debug] [2023-02-02T16:43:49.441Z] >>> [apiv2][(partial)header] GET https://serviceusage.googleapis.com/v1/projects/react-tut-184010/services/cloudfunctions.googleapis.com x-goog-quota-user=projects/react-tut-184010
[debug] [2023-02-02T16:43:49.442Z] >>> [apiv2][query] GET https://serviceusage.googleapis.com/v1/projects/react-tut-184010/services/runtimeconfig.googleapis.com [none]
[debug] [2023-02-02T16:43:49.442Z] >>> [apiv2][(partial)header] GET https://serviceusage.googleapis.com/v1/projects/react-tut-184010/services/runtimeconfig.googleapis.com x-goog-quota-user=projects/react-tut-184010
[debug] [2023-02-02T16:43:49.443Z] >>> [apiv2][query] GET https://serviceusage.googleapis.com/v1/projects/react-tut-184010/services/cloudbuild.googleapis.com [none]
[debug] [2023-02-02T16:43:49.443Z] >>> [apiv2][(partial)header] GET https://serviceusage.googleapis.com/v1/projects/react-tut-184010/services/cloudbuild.googleapis.com x-goog-quota-user=projects/react-tut-184010
[debug] [2023-02-02T16:43:49.443Z] >>> [apiv2][query] GET https://serviceusage.googleapis.com/v1/projects/react-tut-184010/services/artifactregistry.googleapis.com [none]
[debug] [2023-02-02T16:43:49.443Z] >>> [apiv2][(partial)header] GET https://serviceusage.googleapis.com/v1/projects/react-tut-184010/services/artifactregistry.googleapis.com x-goog-quota-user=projects/react-tut-184010
[debug] [2023-02-02T16:43:50.496Z] <<< [apiv2][status] GET https://serviceusage.googleapis.com/v1/projects/react-tut-184010/services/cloudbuild.googleapis.com 200
[debug] [2023-02-02T16:43:50.496Z] <<< [apiv2][body] GET https://serviceusage.googleapis.com/v1/projects/react-tut-184010/services/cloudbuild.googleapis.com [omitted]
[warn] ⚠  functions: missing required API cloudbuild.googleapis.com. Enabling now... 
[debug] [2023-02-02T16:43:50.497Z] >>> [apiv2][query] POST https://serviceusage.googleapis.com/v1/projects/react-tut-184010/services/cloudbuild.googleapis.com:enable [none]
[debug] [2023-02-02T16:43:50.497Z] >>> [apiv2][(partial)header] POST https://serviceusage.googleapis.com/v1/projects/react-tut-184010/services/cloudbuild.googleapis.com:enable x-goog-quota-user=projects/react-tut-184010
[debug] [2023-02-02T16:43:50.499Z] <<< [apiv2][status] GET https://serviceusage.googleapis.com/v1/projects/react-tut-184010/services/runtimeconfig.googleapis.com 200
[debug] [2023-02-02T16:43:50.499Z] <<< [apiv2][body] GET https://serviceusage.googleapis.com/v1/projects/react-tut-184010/services/runtimeconfig.googleapis.com [omitted]
[debug] [2023-02-02T16:43:50.515Z] <<< [apiv2][status] GET https://serviceusage.googleapis.com/v1/projects/react-tut-184010/services/cloudfunctions.googleapis.com 200
[debug] [2023-02-02T16:43:50.515Z] <<< [apiv2][body] GET https://serviceusage.googleapis.com/v1/projects/react-tut-184010/services/cloudfunctions.googleapis.com [omitted]
[info] ✔  functions: required API cloudfunctions.googleapis.com is enabled 
[debug] [2023-02-02T16:43:50.533Z] <<< [apiv2][status] GET https://serviceusage.googleapis.com/v1/projects/react-tut-184010/services/artifactregistry.googleapis.com 200
[debug] [2023-02-02T16:43:50.533Z] <<< [apiv2][body] GET https://serviceusage.googleapis.com/v1/projects/react-tut-184010/services/artifactregistry.googleapis.com [omitted]
[warn] ⚠  artifactregistry: missing required API artifactregistry.googleapis.com. Enabling now... 
[debug] [2023-02-02T16:43:50.533Z] >>> [apiv2][query] POST https://serviceusage.googleapis.com/v1/projects/react-tut-184010/services/artifactregistry.googleapis.com:enable [none]
[debug] [2023-02-02T16:43:50.533Z] >>> [apiv2][(partial)header] POST https://serviceusage.googleapis.com/v1/projects/react-tut-184010/services/artifactregistry.googleapis.com:enable x-goog-quota-user=projects/react-tut-184010
[debug] [2023-02-02T16:43:52.463Z] <<< [apiv2][status] POST https://serviceusage.googleapis.com/v1/projects/react-tut-184010/services/cloudbuild.googleapis.com:enable 200
[debug] [2023-02-02T16:43:52.463Z] <<< [apiv2][body] POST https://serviceusage.googleapis.com/v1/projects/react-tut-184010/services/cloudbuild.googleapis.com:enable [omitted]
[debug] [2023-02-02T16:43:52.464Z] <<< [apiv2][status] POST https://serviceusage.googleapis.com/v1/projects/react-tut-184010/services/artifactregistry.googleapis.com:enable 200
[debug] [2023-02-02T16:43:52.464Z] <<< [apiv2][body] POST https://serviceusage.googleapis.com/v1/projects/react-tut-184010/services/artifactregistry.googleapis.com:enable [omitted]
[debug] [2023-02-02T16:44:02.465Z] >>> [apiv2][query] GET https://serviceusage.googleapis.com/v1/projects/react-tut-184010/services/cloudbuild.googleapis.com [none]
[debug] [2023-02-02T16:44:02.466Z] >>> [apiv2][(partial)header] GET https://serviceusage.googleapis.com/v1/projects/react-tut-184010/services/cloudbuild.googleapis.com x-goog-quota-user=projects/react-tut-184010
[debug] [2023-02-02T16:44:02.470Z] >>> [apiv2][query] GET https://serviceusage.googleapis.com/v1/projects/react-tut-184010/services/artifactregistry.googleapis.com [none]
[debug] [2023-02-02T16:44:02.470Z] >>> [apiv2][(partial)header] GET https://serviceusage.googleapis.com/v1/projects/react-tut-184010/services/artifactregistry.googleapis.com x-goog-quota-user=projects/react-tut-184010
[debug] [2023-02-02T16:44:03.552Z] <<< [apiv2][status] GET https://serviceusage.googleapis.com/v1/projects/react-tut-184010/services/cloudbuild.googleapis.com 200
[debug] [2023-02-02T16:44:03.552Z] <<< [apiv2][body] GET https://serviceusage.googleapis.com/v1/projects/react-tut-184010/services/cloudbuild.googleapis.com [omitted]
[info] ✔  functions: required API cloudbuild.googleapis.com is enabled 
[debug] [2023-02-02T16:44:03.592Z] <<< [apiv2][status] GET https://serviceusage.googleapis.com/v1/projects/react-tut-184010/services/artifactregistry.googleapis.com 200
[debug] [2023-02-02T16:44:03.592Z] <<< [apiv2][body] GET https://serviceusage.googleapis.com/v1/projects/react-tut-184010/services/artifactregistry.googleapis.com [omitted]
[info] ✔  artifactregistry: required API artifactregistry.googleapis.com is enabled 
[debug] [2023-02-02T16:44:03.595Z] >>> [apiv2][query] GET https://firebase.googleapis.com/v1beta1/projects/react-tut-184010/adminSdkConfig [none]
[debug] [2023-02-02T16:44:04.128Z] <<< [apiv2][status] GET https://firebase.googleapis.com/v1beta1/projects/react-tut-184010/adminSdkConfig 200
[debug] [2023-02-02T16:44:04.128Z] <<< [apiv2][body] GET https://firebase.googleapis.com/v1beta1/projects/react-tut-184010/adminSdkConfig {"projectId":"react-tut-184010","databaseURL":"https://react-tut-184010.firebaseio.com","storageBucket":"react-tut-184010.appspot.com","locationId":"us-central"}
[debug] [2023-02-02T16:44:04.128Z] >>> [apiv2][query] GET https://runtimeconfig.googleapis.com/v1beta1/projects/react-tut-184010/configs [none]
[debug] [2023-02-02T16:44:04.613Z] <<< [apiv2][status] GET https://runtimeconfig.googleapis.com/v1beta1/projects/react-tut-184010/configs 200
[debug] [2023-02-02T16:44:04.613Z] <<< [apiv2][body] GET https://runtimeconfig.googleapis.com/v1beta1/projects/react-tut-184010/configs {}
[debug] [2023-02-02T16:44:04.614Z] Validating nodejs source
[warn] ⚠  functions: package.json indicates an outdated version of firebase-functions. Please upgrade using npm install --save firebase-functions@latest in your functions directory. 
[warn] ⚠  functions: Please note that there will be breaking changes when you upgrade. 
[debug] [2023-02-02T16:44:05.276Z] > [functions] package.json contents: {
  "name": "functions",
  "description": "Cloud Functions for Firebase",
  "scripts": {
    "serve": "firebase emulators:start --only functions",
    "shell": "firebase functions:shell",
    "start": "npm run shell",
    "deploy": "firebase deploy --only functions",
    "logs": "firebase functions:log"
  },
  "engines": {
    "node": "16"
  },
  "main": "index.js",
  "dependencies": {
    "firebase-admin": "^10.0.2",
    "firebase-functions": "^3.18.0",
    "express": "^4.18.2",
    "react": "^18.2.0",
    "react-dom": "^18.2.0"
  },
  "devDependencies": {
    "firebase-functions-test": "^0.2.0"
  },
  "private": true
}
[debug] [2023-02-02T16:44:05.276Z] Building nodejs source
[debug] [2023-02-02T16:44:05.277Z] Could not find functions.yaml. Must use http discovery
[debug] [2023-02-02T16:44:05.285Z] Found firebase-functions binary at '/Users/sabashavidze/Destkop - Saba/ssr-react-firebase/functions/node_modules/.bin/firebase-functions'
[debug] [2023-02-02T16:44:05.391Z] Serving at port 8298

[debug] [2023-02-02T16:44:05.534Z] Got response from /__/functions.yaml {"endpoints":{"ssrReact":{"platform":"gcfv1","httpsTrigger":{},"entryPoint":"ssrReact"}},"specVersion":"v1alpha1","requiredAPIs":[]}
[debug] [2023-02-02T16:44:05.538Z] shutdown requested via /__/quitquitquit

[info] i  functions: preparing functions directory for uploading... 
[info] i  functions: packaged /Users/sabashavidze/Destkop - Saba/ssr-react-firebase/functions (59.79 KB) for uploading 
[debug] [2023-02-02T16:44:05.565Z] >>> [apiv2][query] GET https://cloudfunctions.googleapis.com/v1/projects/react-tut-184010/locations/-/functions [none]
[debug] [2023-02-02T16:44:06.374Z] <<< [apiv2][status] GET https://cloudfunctions.googleapis.com/v1/projects/react-tut-184010/locations/-/functions 200
[debug] [2023-02-02T16:44:06.374Z] <<< [apiv2][body] GET https://cloudfunctions.googleapis.com/v1/projects/react-tut-184010/locations/-/functions {}
[debug] [2023-02-02T16:44:06.375Z] >>> [apiv2][query] GET https://cloudfunctions.googleapis.com/v2/projects/react-tut-184010/locations/-/functions filter=environment%3D%22GEN_2%22
[debug] [2023-02-02T16:44:07.570Z] <<< [apiv2][status] GET https://cloudfunctions.googleapis.com/v2/projects/react-tut-184010/locations/-/functions 200
[debug] [2023-02-02T16:44:07.570Z] <<< [apiv2][body] GET https://cloudfunctions.googleapis.com/v2/projects/react-tut-184010/locations/-/functions {}
[debug] [2023-02-02T16:44:07.576Z] >>> [apiv2][query] GET https://firebase.googleapis.com/v1beta1/projects/react-tut-184010 [none]
[debug] [2023-02-02T16:44:08.062Z] <<< [apiv2][status] GET https://firebase.googleapis.com/v1beta1/projects/react-tut-184010 200
[debug] [2023-02-02T16:44:08.062Z] <<< [apiv2][body] GET https://firebase.googleapis.com/v1beta1/projects/react-tut-184010 {"projectId":"react-tut-184010","projectNumber":"165086124569","displayName":"react-tut","name":"projects/react-tut-184010","resources":{"hostingSite":"react-tut-184010","realtimeDatabaseInstance":"react-tut-184010","storageBucket":"react-tut-184010.appspot.com","locationId":"us-central"},"state":"ACTIVE","etag":"1_5656fabc-03e4-4a4d-b3d4-ac6fba444637"}
[debug] [2023-02-02T16:44:08.063Z] [functions] found 1 new HTTP functions, testing setIamPolicy permission...
[debug] [2023-02-02T16:44:08.064Z] >>> [apiv2][query] POST https://cloudresourcemanager.googleapis.com/v1/projects/react-tut-184010:testIamPermissions [none]
[debug] [2023-02-02T16:44:08.064Z] >>> [apiv2][(partial)header] POST https://cloudresourcemanager.googleapis.com/v1/projects/react-tut-184010:testIamPermissions x-goog-quota-user=projects/react-tut-184010
[debug] [2023-02-02T16:44:08.064Z] >>> [apiv2][body] POST https://cloudresourcemanager.googleapis.com/v1/projects/react-tut-184010:testIamPermissions {"permissions":["cloudfunctions.functions.setIamPolicy"]}
[debug] [2023-02-02T16:44:08.401Z] <<< [apiv2][status] POST https://cloudresourcemanager.googleapis.com/v1/projects/react-tut-184010:testIamPermissions 200
[debug] [2023-02-02T16:44:08.401Z] <<< [apiv2][body] POST https://cloudresourcemanager.googleapis.com/v1/projects/react-tut-184010:testIamPermissions {"permissions":["cloudfunctions.functions.setIamPolicy"]}
[debug] [2023-02-02T16:44:08.401Z] [functions] found setIamPolicy permission, proceeding with deploy
[debug] [2023-02-02T16:44:08.402Z] >>> [apiv2][query] POST https://cloudfunctions.googleapis.com/v1/projects/react-tut-184010/locations/us-central1/functions:generateUploadUrl [none]
[debug] [2023-02-02T16:44:08.403Z] >>> [apiv2][body] POST https://cloudfunctions.googleapis.com/v1/projects/react-tut-184010/locations/us-central1/functions:generateUploadUrl {}
[debug] [2023-02-02T16:44:19.514Z] <<< [apiv2][status] POST https://cloudfunctions.googleapis.com/v1/projects/react-tut-184010/locations/us-central1/functions:generateUploadUrl 200
[debug] [2023-02-02T16:44:19.514Z] <<< [apiv2][body] POST https://cloudfunctions.googleapis.com/v1/projects/react-tut-184010/locations/us-central1/functions:generateUploadUrl {"uploadUrl":"https://storage.googleapis.com/uploads-614986837207.us-central1.cloudfunctions.appspot.com/06b1aaf8-e76c-468b-a782-4b05c79ebf9b.zip?GoogleAccessId=service-165086124569@gcf-admin-robot.iam.gserviceaccount.com&Expires=1675358059&Signature=o%2F%2FigK0Zp4j8fRzjKifOu8KyIObQMTyWpzWYxh%2BGVgvcvZvQigjTX5DinWxIjUoy7aOghcu6rudXb00QiMrusyBsF%2FNviZyCGrRCag5B2Cj8cQCl4fcqAcyQZa1xttF1EhQX25P%2Fs4HzQBtoHptpW%2BeqICZA9kw6Iz6s%2BA2tID%2FxSYXv427vi3fz6xdYcQjgwSbLNIJvNc0%2B6BFNilUpnN%2BU%2BxgHEFLtgndxV6anwdKlSA9NCkmDDlP0LMOTFiV1vqpQ0%2FxsGTh4xp3Mrj2gNYLhDpmmiU53fhT3c708yVSMWZ1%2Fl2B4Qhm0w2ibbTH6vy%2F4aB3eO8yF4r8wCisj9A%3D%3D"}
[debug] [2023-02-02T16:44:19.516Z] >>> [apiv2][query] PUT https://storage.googleapis.com/uploads-614986837207.us-central1.cloudfunctions.appspot.com/06b1aaf8-e76c-468b-a782-4b05c79ebf9b.zip GoogleAccessId=service-165086124569%40gcf-admin-robot.iam.gserviceaccount.com&Expires=1675358059&Signature=o%2F%2FigK0Zp4j8fRzjKifOu8KyIObQMTyWpzWYxh%2BGVgvcvZvQigjTX5DinWxIjUoy7aOghcu6rudXb00QiMrusyBsF%2FNviZyCGrRCag5B2Cj8cQCl4fcqAcyQZa1xttF1EhQX25P%2Fs4HzQBtoHptpW%2BeqICZA9kw6Iz6s%2BA2tID%2FxSYXv427vi3fz6xdYcQjgwSbLNIJvNc0%2B6BFNilUpnN%2BU%2BxgHEFLtgndxV6anwdKlSA9NCkmDDlP0LMOTFiV1vqpQ0%2FxsGTh4xp3Mrj2gNYLhDpmmiU53fhT3c708yVSMWZ1%2Fl2B4Qhm0w2ibbTH6vy%2F4aB3eO8yF4r8wCisj9A%3D%3D
[debug] [2023-02-02T16:44:19.516Z] >>> [apiv2][body] PUT https://storage.googleapis.com/uploads-614986837207.us-central1.cloudfunctions.appspot.com/06b1aaf8-e76c-468b-a782-4b05c79ebf9b.zip [stream]
[debug] [2023-02-02T16:44:20.485Z] <<< [apiv2][status] PUT https://storage.googleapis.com/uploads-614986837207.us-central1.cloudfunctions.appspot.com/06b1aaf8-e76c-468b-a782-4b05c79ebf9b.zip 200
[debug] [2023-02-02T16:44:20.485Z] <<< [apiv2][body] PUT https://storage.googleapis.com/uploads-614986837207.us-central1.cloudfunctions.appspot.com/06b1aaf8-e76c-468b-a782-4b05c79ebf9b.zip [omitted]
[info] ✔  functions: functions folder uploaded successfully 
[info] i  functions: creating Node.js 16 function ssrReact(us-central1)... 
[debug] [2023-02-02T16:44:20.489Z] >>> [apiv2][query] POST https://cloudfunctions.googleapis.com/v1/projects/react-tut-184010/locations/us-central1/functions [none]
[debug] [2023-02-02T16:44:20.489Z] >>> [apiv2][body] POST https://cloudfunctions.googleapis.com/v1/projects/react-tut-184010/locations/us-central1/functions {"name":"projects/react-tut-184010/locations/us-central1/functions/ssrReact","sourceUploadUrl":"https://storage.googleapis.com/uploads-614986837207.us-central1.cloudfunctions.appspot.com/06b1aaf8-e76c-468b-a782-4b05c79ebf9b.zip?GoogleAccessId=service-165086124569@gcf-admin-robot.iam.gserviceaccount.com&Expires=1675358059&Signature=o%2F%2FigK0Zp4j8fRzjKifOu8KyIObQMTyWpzWYxh%2BGVgvcvZvQigjTX5DinWxIjUoy7aOghcu6rudXb00QiMrusyBsF%2FNviZyCGrRCag5B2Cj8cQCl4fcqAcyQZa1xttF1EhQX25P%2Fs4HzQBtoHptpW%2BeqICZA9kw6Iz6s%2BA2tID%2FxSYXv427vi3fz6xdYcQjgwSbLNIJvNc0%2B6BFNilUpnN%2BU%2BxgHEFLtgndxV6anwdKlSA9NCkmDDlP0LMOTFiV1vqpQ0%2FxsGTh4xp3Mrj2gNYLhDpmmiU53fhT3c708yVSMWZ1%2Fl2B4Qhm0w2ibbTH6vy%2F4aB3eO8yF4r8wCisj9A%3D%3D","entryPoint":"ssrReact","runtime":"nodejs16","dockerRegistry":"ARTIFACT_REGISTRY","labels":{"deployment-tool":"cli-firebase","firebase-functions-hash":"43d9156437553388983b6d4bd45f458b2710114e"},"httpsTrigger":{"securityLevel":"SECURE_ALWAYS"},"environmentVariables":{"FIREBASE_CONFIG":"{\"projectId\":\"react-tut-184010\",\"databaseURL\":\"https://react-tut-184010.firebaseio.com\",\"storageBucket\":\"react-tut-184010.appspot.com\",\"locationId\":\"us-central\"}","GCLOUD_PROJECT":"react-tut-184010","EVENTARC_CLOUD_EVENT_SOURCE":"projects/react-tut-184010/locations/us-central1/functions/ssrReact"}}
[debug] [2023-02-02T16:44:21.408Z] <<< [apiv2][status] POST https://cloudfunctions.googleapis.com/v1/projects/react-tut-184010/locations/us-central1/functions 200
[debug] [2023-02-02T16:44:21.409Z] <<< [apiv2][body] POST https://cloudfunctions.googleapis.com/v1/projects/react-tut-184010/locations/us-central1/functions {"name":"operations/cmVhY3QtdHV0LTE4NDAxMC91cy1jZW50cmFsMS9zc3JSZWFjdC9NN25HTFFVQU5BNA","metadata":{"@type":"type.googleapis.com/google.cloud.functions.v1.OperationMetadataV1","target":"projects/react-tut-184010/locations/us-central1/functions/ssrReact","type":"CREATE_FUNCTION","request":{"@type":"type.googleapis.com/google.cloud.functions.v1.CloudFunction","name":"projects/react-tut-184010/locations/us-central1/functions/ssrReact","httpsTrigger":{"securityLevel":"SECURE_ALWAYS"},"entryPoint":"ssrReact","labels":{"deployment-tool":"cli-firebase","firebase-functions-hash":"43d9156437553388983b6d4bd45f458b2710114e"},"sourceUploadUrl":"https://storage.googleapis.com/uploads-614986837207.us-central1.cloudfunctions.appspot.com/06b1aaf8-e76c-468b-a782-4b05c79ebf9b.zip?GoogleAccessId=service-165086124569@gcf-admin-robot.iam.gserviceaccount.com&Expires=1675358059&Signature=o%2F%2FigK0Zp4j8fRzjKifOu8KyIObQMTyWpzWYxh%2BGVgvcvZvQigjTX5DinWxIjUoy7aOghcu6rudXb00QiMrusyBsF%2FNviZyCGrRCag5B2Cj8cQCl4fcqAcyQZa1xttF1EhQX25P%2Fs4HzQBtoHptpW%2BeqICZA9kw6Iz6s%2BA2tID%2FxSYXv427vi3fz6xdYcQjgwSbLNIJvNc0%2B6BFNilUpnN%2BU%2BxgHEFLtgndxV6anwdKlSA9NCkmDDlP0LMOTFiV1vqpQ0%2FxsGTh4xp3Mrj2gNYLhDpmmiU53fhT3c708yVSMWZ1%2Fl2B4Qhm0w2ibbTH6vy%2F4aB3eO8yF4r8wCisj9A%3D%3D","environmentVariables":{"FIREBASE_CONFIG":"{\"projectId\":\"react-tut-184010\",\"databaseURL\":\"https://react-tut-184010.firebaseio.com\",\"storageBucket\":\"react-tut-184010.appspot.com\",\"locationId\":\"us-central\"}","GCLOUD_PROJECT":"react-tut-184010","EVENTARC_CLOUD_EVENT_SOURCE":"projects/react-tut-184010/locations/us-central1/functions/ssrReact"},"runtime":"nodejs16","dockerRegistry":"ARTIFACT_REGISTRY"},"versionId":"1","updateTime":"2023-02-02T16:44:21Z"}}
[debug] [2023-02-02T16:44:21.409Z] >>> [apiv2][query] GET https://cloudfunctions.googleapis.com/v1/operations/cmVhY3QtdHV0LTE4NDAxMC91cy1jZW50cmFsMS9zc3JSZWFjdC9NN25HTFFVQU5BNA [none]
[debug] [2023-02-02T16:44:21.815Z] <<< [apiv2][status] GET https://cloudfunctions.googleapis.com/v1/operations/cmVhY3QtdHV0LTE4NDAxMC91cy1jZW50cmFsMS9zc3JSZWFjdC9NN25HTFFVQU5BNA 200
[debug] [2023-02-02T16:44:21.815Z] <<< [apiv2][body] GET https://cloudfunctions.googleapis.com/v1/operations/cmVhY3QtdHV0LTE4NDAxMC91cy1jZW50cmFsMS9zc3JSZWFjdC9NN25HTFFVQU5BNA {"name":"operations/cmVhY3QtdHV0LTE4NDAxMC91cy1jZW50cmFsMS9zc3JSZWFjdC9NN25HTFFVQU5BNA","metadata":{"@type":"type.googleapis.com/google.cloud.functions.v1.OperationMetadataV1","target":"projects/react-tut-184010/locations/us-central1/functions/ssrReact","type":"CREATE_FUNCTION","request":{"@type":"type.googleapis.com/google.cloud.functions.v1.CloudFunction","name":"projects/react-tut-184010/locations/us-central1/functions/ssrReact","httpsTrigger":{"securityLevel":"SECURE_ALWAYS"},"entryPoint":"ssrReact","labels":{"deployment-tool":"cli-firebase","firebase-functions-hash":"43d9156437553388983b6d4bd45f458b2710114e"},"sourceUploadUrl":"https://storage.googleapis.com/uploads-614986837207.us-central1.cloudfunctions.appspot.com/06b1aaf8-e76c-468b-a782-4b05c79ebf9b.zip?GoogleAccessId=service-165086124569@gcf-admin-robot.iam.gserviceaccount.com&Expires=1675358059&Signature=o%2F%2FigK0Zp4j8fRzjKifOu8KyIObQMTyWpzWYxh%2BGVgvcvZvQigjTX5DinWxIjUoy7aOghcu6rudXb00QiMrusyBsF%2FNviZyCGrRCag5B2Cj8cQCl4fcqAcyQZa1xttF1EhQX25P%2Fs4HzQBtoHptpW%2BeqICZA9kw6Iz6s%2BA2tID%2FxSYXv427vi3fz6xdYcQjgwSbLNIJvNc0%2B6BFNilUpnN%2BU%2BxgHEFLtgndxV6anwdKlSA9NCkmDDlP0LMOTFiV1vqpQ0%2FxsGTh4xp3Mrj2gNYLhDpmmiU53fhT3c708yVSMWZ1%2Fl2B4Qhm0w2ibbTH6vy%2F4aB3eO8yF4r8wCisj9A%3D%3D","environmentVariables":{"FIREBASE_CONFIG":"{\"projectId\":\"react-tut-184010\",\"databaseURL\":\"https://react-tut-184010.firebaseio.com\",\"storageBucket\":\"react-tut-184010.appspot.com\",\"locationId\":\"us-central\"}","GCLOUD_PROJECT":"react-tut-184010","EVENTARC_CLOUD_EVENT_SOURCE":"projects/react-tut-184010/locations/us-central1/functions/ssrReact"},"runtime":"nodejs16","dockerRegistry":"ARTIFACT_REGISTRY"},"versionId":"1","updateTime":"2023-02-02T16:44:21Z"}}
[debug] [2023-02-02T16:44:22.317Z] [create-default-us-central1-ssrReact] Retrying task index 0
[debug] [2023-02-02T16:44:22.318Z] >>> [apiv2][query] GET https://cloudfunctions.googleapis.com/v1/operations/cmVhY3QtdHV0LTE4NDAxMC91cy1jZW50cmFsMS9zc3JSZWFjdC9NN25HTFFVQU5BNA [none]
[debug] [2023-02-02T16:44:22.790Z] <<< [apiv2][status] GET https://cloudfunctions.googleapis.com/v1/operations/cmVhY3QtdHV0LTE4NDAxMC91cy1jZW50cmFsMS9zc3JSZWFjdC9NN25HTFFVQU5BNA 200
[debug] [2023-02-02T16:44:22.791Z] <<< [apiv2][body] GET https://cloudfunctions.googleapis.com/v1/operations/cmVhY3QtdHV0LTE4NDAxMC91cy1jZW50cmFsMS9zc3JSZWFjdC9NN25HTFFVQU5BNA {"name":"operations/cmVhY3QtdHV0LTE4NDAxMC91cy1jZW50cmFsMS9zc3JSZWFjdC9NN25HTFFVQU5BNA","metadata":{"@type":"type.googleapis.com/google.cloud.functions.v1.OperationMetadataV1","target":"projects/react-tut-184010/locations/us-central1/functions/ssrReact","type":"CREATE_FUNCTION","request":{"@type":"type.googleapis.com/google.cloud.functions.v1.CloudFunction","name":"projects/react-tut-184010/locations/us-central1/functions/ssrReact","httpsTrigger":{"securityLevel":"SECURE_ALWAYS"},"entryPoint":"ssrReact","labels":{"deployment-tool":"cli-firebase","firebase-functions-hash":"43d9156437553388983b6d4bd45f458b2710114e"},"sourceUploadUrl":"https://storage.googleapis.com/uploads-614986837207.us-central1.cloudfunctions.appspot.com/06b1aaf8-e76c-468b-a782-4b05c79ebf9b.zip?GoogleAccessId=service-165086124569@gcf-admin-robot.iam.gserviceaccount.com&Expires=1675358059&Signature=o%2F%2FigK0Zp4j8fRzjKifOu8KyIObQMTyWpzWYxh%2BGVgvcvZvQigjTX5DinWxIjUoy7aOghcu6rudXb00QiMrusyBsF%2FNviZyCGrRCag5B2Cj8cQCl4fcqAcyQZa1xttF1EhQX25P%2Fs4HzQBtoHptpW%2BeqICZA9kw6Iz6s%2BA2tID%2FxSYXv427vi3fz6xdYcQjgwSbLNIJvNc0%2B6BFNilUpnN%2BU%2BxgHEFLtgndxV6anwdKlSA9NCkmDDlP0LMOTFiV1vqpQ0%2FxsGTh4xp3Mrj2gNYLhDpmmiU53fhT3c708yVSMWZ1%2Fl2B4Qhm0w2ibbTH6vy%2F4aB3eO8yF4r8wCisj9A%3D%3D","environmentVariables":{"FIREBASE_CONFIG":"{\"projectId\":\"react-tut-184010\",\"databaseURL\":\"https://react-tut-184010.firebaseio.com\",\"storageBucket\":\"react-tut-184010.appspot.com\",\"locationId\":\"us-central\"}","GCLOUD_PROJECT":"react-tut-184010","EVENTARC_CLOUD_EVENT_SOURCE":"projects/react-tut-184010/locations/us-central1/functions/ssrReact"},"runtime":"nodejs16","dockerRegistry":"ARTIFACT_REGISTRY"},"versionId":"1","updateTime":"2023-02-02T16:44:21Z"}}
[debug] [2023-02-02T16:44:23.793Z] [create-default-us-central1-ssrReact] Retrying task index 0
[debug] [2023-02-02T16:44:23.794Z] >>> [apiv2][query] GET https://cloudfunctions.googleapis.com/v1/operations/cmVhY3QtdHV0LTE4NDAxMC91cy1jZW50cmFsMS9zc3JSZWFjdC9NN25HTFFVQU5BNA [none]
[debug] [2023-02-02T16:44:24.231Z] <<< [apiv2][status] GET https://cloudfunctions.googleapis.com/v1/operations/cmVhY3QtdHV0LTE4NDAxMC91cy1jZW50cmFsMS9zc3JSZWFjdC9NN25HTFFVQU5BNA 200
[debug] [2023-02-02T16:44:24.231Z] <<< [apiv2][body] GET https://cloudfunctions.googleapis.com/v1/operations/cmVhY3QtdHV0LTE4NDAxMC91cy1jZW50cmFsMS9zc3JSZWFjdC9NN25HTFFVQU5BNA {"name":"operations/cmVhY3QtdHV0LTE4NDAxMC91cy1jZW50cmFsMS9zc3JSZWFjdC9NN25HTFFVQU5BNA","metadata":{"@type":"type.googleapis.com/google.cloud.functions.v1.OperationMetadataV1","target":"projects/react-tut-184010/locations/us-central1/functions/ssrReact","type":"CREATE_FUNCTION","request":{"@type":"type.googleapis.com/google.cloud.functions.v1.CloudFunction","name":"projects/react-tut-184010/locations/us-central1/functions/ssrReact","httpsTrigger":{"securityLevel":"SECURE_ALWAYS"},"entryPoint":"ssrReact","labels":{"deployment-tool":"cli-firebase","firebase-functions-hash":"43d9156437553388983b6d4bd45f458b2710114e"},"sourceUploadUrl":"https://storage.googleapis.com/uploads-614986837207.us-central1.cloudfunctions.appspot.com/06b1aaf8-e76c-468b-a782-4b05c79ebf9b.zip?GoogleAccessId=service-165086124569@gcf-admin-robot.iam.gserviceaccount.com&Expires=1675358059&Signature=o%2F%2FigK0Zp4j8fRzjKifOu8KyIObQMTyWpzWYxh%2BGVgvcvZvQigjTX5DinWxIjUoy7aOghcu6rudXb00QiMrusyBsF%2FNviZyCGrRCag5B2Cj8cQCl4fcqAcyQZa1xttF1EhQX25P%2Fs4HzQBtoHptpW%2BeqICZA9kw6Iz6s%2BA2tID%2FxSYXv427vi3fz6xdYcQjgwSbLNIJvNc0%2B6BFNilUpnN%2BU%2BxgHEFLtgndxV6anwdKlSA9NCkmDDlP0LMOTFiV1vqpQ0%2FxsGTh4xp3Mrj2gNYLhDpmmiU53fhT3c708yVSMWZ1%2Fl2B4Qhm0w2ibbTH6vy%2F4aB3eO8yF4r8wCisj9A%3D%3D","environmentVariables":{"FIREBASE_CONFIG":"{\"projectId\":\"react-tut-184010\",\"databaseURL\":\"https://react-tut-184010.firebaseio.com\",\"storageBucket\":\"react-tut-184010.appspot.com\",\"locationId\":\"us-central\"}","GCLOUD_PROJECT":"react-tut-184010","EVENTARC_CLOUD_EVENT_SOURCE":"projects/react-tut-184010/locations/us-central1/functions/ssrReact"},"runtime":"nodejs16","dockerRegistry":"ARTIFACT_REGISTRY"},"versionId":"1","updateTime":"2023-02-02T16:44:21Z"}}
[debug] [2023-02-02T16:44:26.233Z] [create-default-us-central1-ssrReact] Retrying task index 0
[debug] [2023-02-02T16:44:26.233Z] >>> [apiv2][query] GET https://cloudfunctions.googleapis.com/v1/operations/cmVhY3QtdHV0LTE4NDAxMC91cy1jZW50cmFsMS9zc3JSZWFjdC9NN25HTFFVQU5BNA [none]
[debug] [2023-02-02T16:44:26.771Z] <<< [apiv2][status] GET https://cloudfunctions.googleapis.com/v1/operations/cmVhY3QtdHV0LTE4NDAxMC91cy1jZW50cmFsMS9zc3JSZWFjdC9NN25HTFFVQU5BNA 200
[debug] [2023-02-02T16:44:26.771Z] <<< [apiv2][body] GET https://cloudfunctions.googleapis.com/v1/operations/cmVhY3QtdHV0LTE4NDAxMC91cy1jZW50cmFsMS9zc3JSZWFjdC9NN25HTFFVQU5BNA {"name":"operations/cmVhY3QtdHV0LTE4NDAxMC91cy1jZW50cmFsMS9zc3JSZWFjdC9NN25HTFFVQU5BNA","metadata":{"@type":"type.googleapis.com/google.cloud.functions.v1.OperationMetadataV1","target":"projects/react-tut-184010/locations/us-central1/functions/ssrReact","type":"CREATE_FUNCTION","request":{"@type":"type.googleapis.com/google.cloud.functions.v1.CloudFunction","name":"projects/react-tut-184010/locations/us-central1/functions/ssrReact","httpsTrigger":{"securityLevel":"SECURE_ALWAYS"},"entryPoint":"ssrReact","labels":{"deployment-tool":"cli-firebase","firebase-functions-hash":"43d9156437553388983b6d4bd45f458b2710114e"},"sourceUploadUrl":"https://storage.googleapis.com/uploads-614986837207.us-central1.cloudfunctions.appspot.com/06b1aaf8-e76c-468b-a782-4b05c79ebf9b.zip?GoogleAccessId=service-165086124569@gcf-admin-robot.iam.gserviceaccount.com&Expires=1675358059&Signature=o%2F%2FigK0Zp4j8fRzjKifOu8KyIObQMTyWpzWYxh%2BGVgvcvZvQigjTX5DinWxIjUoy7aOghcu6rudXb00QiMrusyBsF%2FNviZyCGrRCag5B2Cj8cQCl4fcqAcyQZa1xttF1EhQX25P%2Fs4HzQBtoHptpW%2BeqICZA9kw6Iz6s%2BA2tID%2FxSYXv427vi3fz6xdYcQjgwSbLNIJvNc0%2B6BFNilUpnN%2BU%2BxgHEFLtgndxV6anwdKlSA9NCkmDDlP0LMOTFiV1vqpQ0%2FxsGTh4xp3Mrj2gNYLhDpmmiU53fhT3c708yVSMWZ1%2Fl2B4Qhm0w2ibbTH6vy%2F4aB3eO8yF4r8wCisj9A%3D%3D","environmentVariables":{"FIREBASE_CONFIG":"{\"projectId\":\"react-tut-184010\",\"databaseURL\":\"https://react-tut-184010.firebaseio.com\",\"storageBucket\":\"react-tut-184010.appspot.com\",\"locationId\":\"us-central\"}","GCLOUD_PROJECT":"react-tut-184010","EVENTARC_CLOUD_EVENT_SOURCE":"projects/react-tut-184010/locations/us-central1/functions/ssrReact"},"runtime":"nodejs16","dockerRegistry":"ARTIFACT_REGISTRY"},"versionId":"1","updateTime":"2023-02-02T16:44:21Z"}}
[debug] [2023-02-02T16:44:30.773Z] [create-default-us-central1-ssrReact] Retrying task index 0
[debug] [2023-02-02T16:44:30.773Z] >>> [apiv2][query] GET https://cloudfunctions.googleapis.com/v1/operations/cmVhY3QtdHV0LTE4NDAxMC91cy1jZW50cmFsMS9zc3JSZWFjdC9NN25HTFFVQU5BNA [none]
[debug] [2023-02-02T16:44:31.199Z] <<< [apiv2][status] GET https://cloudfunctions.googleapis.com/v1/operations/cmVhY3QtdHV0LTE4NDAxMC91cy1jZW50cmFsMS9zc3JSZWFjdC9NN25HTFFVQU5BNA 200
[debug] [2023-02-02T16:44:31.199Z] <<< [apiv2][body] GET https://cloudfunctions.googleapis.com/v1/operations/cmVhY3QtdHV0LTE4NDAxMC91cy1jZW50cmFsMS9zc3JSZWFjdC9NN25HTFFVQU5BNA {"name":"operations/cmVhY3QtdHV0LTE4NDAxMC91cy1jZW50cmFsMS9zc3JSZWFjdC9NN25HTFFVQU5BNA","metadata":{"@type":"type.googleapis.com/google.cloud.functions.v1.OperationMetadataV1","target":"projects/react-tut-184010/locations/us-central1/functions/ssrReact","type":"CREATE_FUNCTION","request":{"@type":"type.googleapis.com/google.cloud.functions.v1.CloudFunction","name":"projects/react-tut-184010/locations/us-central1/functions/ssrReact","httpsTrigger":{"securityLevel":"SECURE_ALWAYS"},"entryPoint":"ssrReact","labels":{"deployment-tool":"cli-firebase","firebase-functions-hash":"43d9156437553388983b6d4bd45f458b2710114e"},"sourceUploadUrl":"https://storage.googleapis.com/uploads-614986837207.us-central1.cloudfunctions.appspot.com/06b1aaf8-e76c-468b-a782-4b05c79ebf9b.zip?GoogleAccessId=service-165086124569@gcf-admin-robot.iam.gserviceaccount.com&Expires=1675358059&Signature=o%2F%2FigK0Zp4j8fRzjKifOu8KyIObQMTyWpzWYxh%2BGVgvcvZvQigjTX5DinWxIjUoy7aOghcu6rudXb00QiMrusyBsF%2FNviZyCGrRCag5B2Cj8cQCl4fcqAcyQZa1xttF1EhQX25P%2Fs4HzQBtoHptpW%2BeqICZA9kw6Iz6s%2BA2tID%2FxSYXv427vi3fz6xdYcQjgwSbLNIJvNc0%2B6BFNilUpnN%2BU%2BxgHEFLtgndxV6anwdKlSA9NCkmDDlP0LMOTFiV1vqpQ0%2FxsGTh4xp3Mrj2gNYLhDpmmiU53fhT3c708yVSMWZ1%2Fl2B4Qhm0w2ibbTH6vy%2F4aB3eO8yF4r8wCisj9A%3D%3D","environmentVariables":{"FIREBASE_CONFIG":"{\"projectId\":\"react-tut-184010\",\"databaseURL\":\"https://react-tut-184010.firebaseio.com\",\"storageBucket\":\"react-tut-184010.appspot.com\",\"locationId\":\"us-central\"}","GCLOUD_PROJECT":"react-tut-184010","EVENTARC_CLOUD_EVENT_SOURCE":"projects/react-tut-184010/locations/us-central1/functions/ssrReact"},"runtime":"nodejs16","dockerRegistry":"ARTIFACT_REGISTRY"},"versionId":"1","updateTime":"2023-02-02T16:44:21Z"}}
[debug] [2023-02-02T16:44:39.200Z] [create-default-us-central1-ssrReact] Retrying task index 0
[debug] [2023-02-02T16:44:39.201Z] >>> [apiv2][query] GET https://cloudfunctions.googleapis.com/v1/operations/cmVhY3QtdHV0LTE4NDAxMC91cy1jZW50cmFsMS9zc3JSZWFjdC9NN25HTFFVQU5BNA [none]
[debug] [2023-02-02T16:44:39.901Z] <<< [apiv2][status] GET https://cloudfunctions.googleapis.com/v1/operations/cmVhY3QtdHV0LTE4NDAxMC91cy1jZW50cmFsMS9zc3JSZWFjdC9NN25HTFFVQU5BNA 200
[debug] [2023-02-02T16:44:39.902Z] <<< [apiv2][body] GET https://cloudfunctions.googleapis.com/v1/operations/cmVhY3QtdHV0LTE4NDAxMC91cy1jZW50cmFsMS9zc3JSZWFjdC9NN25HTFFVQU5BNA {"name":"operations/cmVhY3QtdHV0LTE4NDAxMC91cy1jZW50cmFsMS9zc3JSZWFjdC9NN25HTFFVQU5BNA","metadata":{"@type":"type.googleapis.com/google.cloud.functions.v1.OperationMetadataV1","target":"projects/react-tut-184010/locations/us-central1/functions/ssrReact","type":"CREATE_FUNCTION","request":{"@type":"type.googleapis.com/google.cloud.functions.v1.CloudFunction","name":"projects/react-tut-184010/locations/us-central1/functions/ssrReact","httpsTrigger":{"securityLevel":"SECURE_ALWAYS"},"entryPoint":"ssrReact","labels":{"deployment-tool":"cli-firebase","firebase-functions-hash":"43d9156437553388983b6d4bd45f458b2710114e"},"sourceUploadUrl":"https://storage.googleapis.com/uploads-614986837207.us-central1.cloudfunctions.appspot.com/06b1aaf8-e76c-468b-a782-4b05c79ebf9b.zip?GoogleAccessId=service-165086124569@gcf-admin-robot.iam.gserviceaccount.com&Expires=1675358059&Signature=o%2F%2FigK0Zp4j8fRzjKifOu8KyIObQMTyWpzWYxh%2BGVgvcvZvQigjTX5DinWxIjUoy7aOghcu6rudXb00QiMrusyBsF%2FNviZyCGrRCag5B2Cj8cQCl4fcqAcyQZa1xttF1EhQX25P%2Fs4HzQBtoHptpW%2BeqICZA9kw6Iz6s%2BA2tID%2FxSYXv427vi3fz6xdYcQjgwSbLNIJvNc0%2B6BFNilUpnN%2BU%2BxgHEFLtgndxV6anwdKlSA9NCkmDDlP0LMOTFiV1vqpQ0%2FxsGTh4xp3Mrj2gNYLhDpmmiU53fhT3c708yVSMWZ1%2Fl2B4Qhm0w2ibbTH6vy%2F4aB3eO8yF4r8wCisj9A%3D%3D","environmentVariables":{"FIREBASE_CONFIG":"{\"projectId\":\"react-tut-184010\",\"databaseURL\":\"https://react-tut-184010.firebaseio.com\",\"storageBucket\":\"react-tut-184010.appspot.com\",\"locationId\":\"us-central\"}","GCLOUD_PROJECT":"react-tut-184010","EVENTARC_CLOUD_EVENT_SOURCE":"projects/react-tut-184010/locations/us-central1/functions/ssrReact"},"runtime":"nodejs16","dockerRegistry":"ARTIFACT_REGISTRY"},"versionId":"1","updateTime":"2023-02-02T16:44:21Z","buildId":"d8b86291-5d56-4216-aee6-f78aa5f4e4d1","buildName":"projects/165086124569/locations/us-central1/builds/d8b86291-5d56-4216-aee6-f78aa5f4e4d1"}}
[debug] [2023-02-02T16:44:49.903Z] [create-default-us-central1-ssrReact] Retrying task index 0
[debug] [2023-02-02T16:44:49.904Z] >>> [apiv2][query] GET https://cloudfunctions.googleapis.com/v1/operations/cmVhY3QtdHV0LTE4NDAxMC91cy1jZW50cmFsMS9zc3JSZWFjdC9NN25HTFFVQU5BNA [none]
[debug] [2023-02-02T16:44:50.309Z] <<< [apiv2][status] GET https://cloudfunctions.googleapis.com/v1/operations/cmVhY3QtdHV0LTE4NDAxMC91cy1jZW50cmFsMS9zc3JSZWFjdC9NN25HTFFVQU5BNA 200
[debug] [2023-02-02T16:44:50.309Z] <<< [apiv2][body] GET https://cloudfunctions.googleapis.com/v1/operations/cmVhY3QtdHV0LTE4NDAxMC91cy1jZW50cmFsMS9zc3JSZWFjdC9NN25HTFFVQU5BNA {"name":"operations/cmVhY3QtdHV0LTE4NDAxMC91cy1jZW50cmFsMS9zc3JSZWFjdC9NN25HTFFVQU5BNA","metadata":{"@type":"type.googleapis.com/google.cloud.functions.v1.OperationMetadataV1","target":"projects/react-tut-184010/locations/us-central1/functions/ssrReact","type":"CREATE_FUNCTION","request":{"@type":"type.googleapis.com/google.cloud.functions.v1.CloudFunction","name":"projects/react-tut-184010/locations/us-central1/functions/ssrReact","httpsTrigger":{"securityLevel":"SECURE_ALWAYS"},"entryPoint":"ssrReact","labels":{"deployment-tool":"cli-firebase","firebase-functions-hash":"43d9156437553388983b6d4bd45f458b2710114e"},"sourceUploadUrl":"https://storage.googleapis.com/uploads-614986837207.us-central1.cloudfunctions.appspot.com/06b1aaf8-e76c-468b-a782-4b05c79ebf9b.zip?GoogleAccessId=service-165086124569@gcf-admin-robot.iam.gserviceaccount.com&Expires=1675358059&Signature=o%2F%2FigK0Zp4j8fRzjKifOu8KyIObQMTyWpzWYxh%2BGVgvcvZvQigjTX5DinWxIjUoy7aOghcu6rudXb00QiMrusyBsF%2FNviZyCGrRCag5B2Cj8cQCl4fcqAcyQZa1xttF1EhQX25P%2Fs4HzQBtoHptpW%2BeqICZA9kw6Iz6s%2BA2tID%2FxSYXv427vi3fz6xdYcQjgwSbLNIJvNc0%2B6BFNilUpnN%2BU%2BxgHEFLtgndxV6anwdKlSA9NCkmDDlP0LMOTFiV1vqpQ0%2FxsGTh4xp3Mrj2gNYLhDpmmiU53fhT3c708yVSMWZ1%2Fl2B4Qhm0w2ibbTH6vy%2F4aB3eO8yF4r8wCisj9A%3D%3D","environmentVariables":{"FIREBASE_CONFIG":"{\"projectId\":\"react-tut-184010\",\"databaseURL\":\"https://react-tut-184010.firebaseio.com\",\"storageBucket\":\"react-tut-184010.appspot.com\",\"locationId\":\"us-central\"}","GCLOUD_PROJECT":"react-tut-184010","EVENTARC_CLOUD_EVENT_SOURCE":"projects/react-tut-184010/locations/us-central1/functions/ssrReact"},"runtime":"nodejs16","dockerRegistry":"ARTIFACT_REGISTRY"},"versionId":"1","updateTime":"2023-02-02T16:44:21Z","buildId":"d8b86291-5d56-4216-aee6-f78aa5f4e4d1","buildName":"projects/165086124569/locations/us-central1/builds/d8b86291-5d56-4216-aee6-f78aa5f4e4d1"}}
[debug] [2023-02-02T16:45:00.310Z] [create-default-us-central1-ssrReact] Retrying task index 0
[debug] [2023-02-02T16:45:00.311Z] >>> [apiv2][query] GET https://cloudfunctions.googleapis.com/v1/operations/cmVhY3QtdHV0LTE4NDAxMC91cy1jZW50cmFsMS9zc3JSZWFjdC9NN25HTFFVQU5BNA [none]
[debug] [2023-02-02T16:45:02.733Z] <<< [apiv2][status] GET https://cloudfunctions.googleapis.com/v1/operations/cmVhY3QtdHV0LTE4NDAxMC91cy1jZW50cmFsMS9zc3JSZWFjdC9NN25HTFFVQU5BNA 200
[debug] [2023-02-02T16:45:02.734Z] <<< [apiv2][body] GET https://cloudfunctions.googleapis.com/v1/operations/cmVhY3QtdHV0LTE4NDAxMC91cy1jZW50cmFsMS9zc3JSZWFjdC9NN25HTFFVQU5BNA {"name":"operations/cmVhY3QtdHV0LTE4NDAxMC91cy1jZW50cmFsMS9zc3JSZWFjdC9NN25HTFFVQU5BNA","metadata":{"@type":"type.googleapis.com/google.cloud.functions.v1.OperationMetadataV1","target":"projects/react-tut-184010/locations/us-central1/functions/ssrReact","type":"CREATE_FUNCTION","request":{"@type":"type.googleapis.com/google.cloud.functions.v1.CloudFunction","name":"projects/react-tut-184010/locations/us-central1/functions/ssrReact","httpsTrigger":{"securityLevel":"SECURE_ALWAYS"},"entryPoint":"ssrReact","labels":{"deployment-tool":"cli-firebase","firebase-functions-hash":"43d9156437553388983b6d4bd45f458b2710114e"},"sourceUploadUrl":"https://storage.googleapis.com/uploads-614986837207.us-central1.cloudfunctions.appspot.com/06b1aaf8-e76c-468b-a782-4b05c79ebf9b.zip?GoogleAccessId=service-165086124569@gcf-admin-robot.iam.gserviceaccount.com&Expires=1675358059&Signature=o%2F%2FigK0Zp4j8fRzjKifOu8KyIObQMTyWpzWYxh%2BGVgvcvZvQigjTX5DinWxIjUoy7aOghcu6rudXb00QiMrusyBsF%2FNviZyCGrRCag5B2Cj8cQCl4fcqAcyQZa1xttF1EhQX25P%2Fs4HzQBtoHptpW%2BeqICZA9kw6Iz6s%2BA2tID%2FxSYXv427vi3fz6xdYcQjgwSbLNIJvNc0%2B6BFNilUpnN%2BU%2BxgHEFLtgndxV6anwdKlSA9NCkmDDlP0LMOTFiV1vqpQ0%2FxsGTh4xp3Mrj2gNYLhDpmmiU53fhT3c708yVSMWZ1%2Fl2B4Qhm0w2ibbTH6vy%2F4aB3eO8yF4r8wCisj9A%3D%3D","environmentVariables":{"FIREBASE_CONFIG":"{\"projectId\":\"react-tut-184010\",\"databaseURL\":\"https://react-tut-184010.firebaseio.com\",\"storageBucket\":\"react-tut-184010.appspot.com\",\"locationId\":\"us-central\"}","GCLOUD_PROJECT":"react-tut-184010","EVENTARC_CLOUD_EVENT_SOURCE":"projects/react-tut-184010/locations/us-central1/functions/ssrReact"},"runtime":"nodejs16","dockerRegistry":"ARTIFACT_REGISTRY"},"versionId":"1","updateTime":"2023-02-02T16:44:21Z","buildId":"d8b86291-5d56-4216-aee6-f78aa5f4e4d1","buildName":"projects/165086124569/locations/us-central1/builds/d8b86291-5d56-4216-aee6-f78aa5f4e4d1"}}
[debug] [2023-02-02T16:45:12.736Z] [create-default-us-central1-ssrReact] Retrying task index 0
[debug] [2023-02-02T16:45:12.736Z] >>> [apiv2][query] GET https://cloudfunctions.googleapis.com/v1/operations/cmVhY3QtdHV0LTE4NDAxMC91cy1jZW50cmFsMS9zc3JSZWFjdC9NN25HTFFVQU5BNA [none]
[debug] [2023-02-02T16:45:14.412Z] <<< [apiv2][status] GET https://cloudfunctions.googleapis.com/v1/operations/cmVhY3QtdHV0LTE4NDAxMC91cy1jZW50cmFsMS9zc3JSZWFjdC9NN25HTFFVQU5BNA 200
[debug] [2023-02-02T16:45:14.412Z] <<< [apiv2][body] GET https://cloudfunctions.googleapis.com/v1/operations/cmVhY3QtdHV0LTE4NDAxMC91cy1jZW50cmFsMS9zc3JSZWFjdC9NN25HTFFVQU5BNA {"name":"operations/cmVhY3QtdHV0LTE4NDAxMC91cy1jZW50cmFsMS9zc3JSZWFjdC9NN25HTFFVQU5BNA","metadata":{"@type":"type.googleapis.com/google.cloud.functions.v1.OperationMetadataV1","target":"projects/react-tut-184010/locations/us-central1/functions/ssrReact","type":"CREATE_FUNCTION","request":{"@type":"type.googleapis.com/google.cloud.functions.v1.CloudFunction","name":"projects/react-tut-184010/locations/us-central1/functions/ssrReact","httpsTrigger":{"securityLevel":"SECURE_ALWAYS"},"entryPoint":"ssrReact","labels":{"deployment-tool":"cli-firebase","firebase-functions-hash":"43d9156437553388983b6d4bd45f458b2710114e"},"sourceUploadUrl":"https://storage.googleapis.com/uploads-614986837207.us-central1.cloudfunctions.appspot.com/06b1aaf8-e76c-468b-a782-4b05c79ebf9b.zip?GoogleAccessId=service-165086124569@gcf-admin-robot.iam.gserviceaccount.com&Expires=1675358059&Signature=o%2F%2FigK0Zp4j8fRzjKifOu8KyIObQMTyWpzWYxh%2BGVgvcvZvQigjTX5DinWxIjUoy7aOghcu6rudXb00QiMrusyBsF%2FNviZyCGrRCag5B2Cj8cQCl4fcqAcyQZa1xttF1EhQX25P%2Fs4HzQBtoHptpW%2BeqICZA9kw6Iz6s%2BA2tID%2FxSYXv427vi3fz6xdYcQjgwSbLNIJvNc0%2B6BFNilUpnN%2BU%2BxgHEFLtgndxV6anwdKlSA9NCkmDDlP0LMOTFiV1vqpQ0%2FxsGTh4xp3Mrj2gNYLhDpmmiU53fhT3c708yVSMWZ1%2Fl2B4Qhm0w2ibbTH6vy%2F4aB3eO8yF4r8wCisj9A%3D%3D","environmentVariables":{"FIREBASE_CONFIG":"{\"projectId\":\"react-tut-184010\",\"databaseURL\":\"https://react-tut-184010.firebaseio.com\",\"storageBucket\":\"react-tut-184010.appspot.com\",\"locationId\":\"us-central\"}","GCLOUD_PROJECT":"react-tut-184010","EVENTARC_CLOUD_EVENT_SOURCE":"projects/react-tut-184010/locations/us-central1/functions/ssrReact"},"runtime":"nodejs16","dockerRegistry":"ARTIFACT_REGISTRY"},"versionId":"1","updateTime":"2023-02-02T16:44:21Z","buildId":"d8b86291-5d56-4216-aee6-f78aa5f4e4d1","buildName":"projects/165086124569/locations/us-central1/builds/d8b86291-5d56-4216-aee6-f78aa5f4e4d1"}}
[debug] [2023-02-02T16:45:24.413Z] [create-default-us-central1-ssrReact] Retrying task index 0
[debug] [2023-02-02T16:45:24.414Z] >>> [apiv2][query] GET https://cloudfunctions.googleapis.com/v1/operations/cmVhY3QtdHV0LTE4NDAxMC91cy1jZW50cmFsMS9zc3JSZWFjdC9NN25HTFFVQU5BNA [none]
[debug] [2023-02-02T16:45:26.775Z] <<< [apiv2][status] GET https://cloudfunctions.googleapis.com/v1/operations/cmVhY3QtdHV0LTE4NDAxMC91cy1jZW50cmFsMS9zc3JSZWFjdC9NN25HTFFVQU5BNA 200
[debug] [2023-02-02T16:45:26.776Z] <<< [apiv2][body] GET https://cloudfunctions.googleapis.com/v1/operations/cmVhY3QtdHV0LTE4NDAxMC91cy1jZW50cmFsMS9zc3JSZWFjdC9NN25HTFFVQU5BNA {"name":"operations/cmVhY3QtdHV0LTE4NDAxMC91cy1jZW50cmFsMS9zc3JSZWFjdC9NN25HTFFVQU5BNA","metadata":{"@type":"type.googleapis.com/google.cloud.functions.v1.OperationMetadataV1","target":"projects/react-tut-184010/locations/us-central1/functions/ssrReact","type":"CREATE_FUNCTION","request":{"@type":"type.googleapis.com/google.cloud.functions.v1.CloudFunction","name":"projects/react-tut-184010/locations/us-central1/functions/ssrReact","httpsTrigger":{"securityLevel":"SECURE_ALWAYS"},"entryPoint":"ssrReact","labels":{"deployment-tool":"cli-firebase","firebase-functions-hash":"43d9156437553388983b6d4bd45f458b2710114e"},"sourceUploadUrl":"https://storage.googleapis.com/uploads-614986837207.us-central1.cloudfunctions.appspot.com/06b1aaf8-e76c-468b-a782-4b05c79ebf9b.zip?GoogleAccessId=service-165086124569@gcf-admin-robot.iam.gserviceaccount.com&Expires=1675358059&Signature=o%2F%2FigK0Zp4j8fRzjKifOu8KyIObQMTyWpzWYxh%2BGVgvcvZvQigjTX5DinWxIjUoy7aOghcu6rudXb00QiMrusyBsF%2FNviZyCGrRCag5B2Cj8cQCl4fcqAcyQZa1xttF1EhQX25P%2Fs4HzQBtoHptpW%2BeqICZA9kw6Iz6s%2BA2tID%2FxSYXv427vi3fz6xdYcQjgwSbLNIJvNc0%2B6BFNilUpnN%2BU%2BxgHEFLtgndxV6anwdKlSA9NCkmDDlP0LMOTFiV1vqpQ0%2FxsGTh4xp3Mrj2gNYLhDpmmiU53fhT3c708yVSMWZ1%2Fl2B4Qhm0w2ibbTH6vy%2F4aB3eO8yF4r8wCisj9A%3D%3D","environmentVariables":{"FIREBASE_CONFIG":"{\"projectId\":\"react-tut-184010\",\"databaseURL\":\"https://react-tut-184010.firebaseio.com\",\"storageBucket\":\"react-tut-184010.appspot.com\",\"locationId\":\"us-central\"}","GCLOUD_PROJECT":"react-tut-184010","EVENTARC_CLOUD_EVENT_SOURCE":"projects/react-tut-184010/locations/us-central1/functions/ssrReact"},"runtime":"nodejs16","dockerRegistry":"ARTIFACT_REGISTRY"},"versionId":"1","updateTime":"2023-02-02T16:44:21Z","buildId":"d8b86291-5d56-4216-aee6-f78aa5f4e4d1","buildName":"projects/165086124569/locations/us-central1/builds/d8b86291-5d56-4216-aee6-f78aa5f4e4d1"}}
[debug] [2023-02-02T16:45:36.778Z] [create-default-us-central1-ssrReact] Retrying task index 0
[debug] [2023-02-02T16:45:36.779Z] >>> [apiv2][query] GET https://cloudfunctions.googleapis.com/v1/operations/cmVhY3QtdHV0LTE4NDAxMC91cy1jZW50cmFsMS9zc3JSZWFjdC9NN25HTFFVQU5BNA [none]
[debug] [2023-02-02T16:45:37.298Z] <<< [apiv2][status] GET https://cloudfunctions.googleapis.com/v1/operations/cmVhY3QtdHV0LTE4NDAxMC91cy1jZW50cmFsMS9zc3JSZWFjdC9NN25HTFFVQU5BNA 200
[debug] [2023-02-02T16:45:37.298Z] <<< [apiv2][body] GET https://cloudfunctions.googleapis.com/v1/operations/cmVhY3QtdHV0LTE4NDAxMC91cy1jZW50cmFsMS9zc3JSZWFjdC9NN25HTFFVQU5BNA {"name":"operations/cmVhY3QtdHV0LTE4NDAxMC91cy1jZW50cmFsMS9zc3JSZWFjdC9NN25HTFFVQU5BNA","metadata":{"@type":"type.googleapis.com/google.cloud.functions.v1.OperationMetadataV1","target":"projects/react-tut-184010/locations/us-central1/functions/ssrReact","type":"CREATE_FUNCTION","request":{"@type":"type.googleapis.com/google.cloud.functions.v1.CloudFunction","name":"projects/react-tut-184010/locations/us-central1/functions/ssrReact","httpsTrigger":{"securityLevel":"SECURE_ALWAYS"},"entryPoint":"ssrReact","labels":{"deployment-tool":"cli-firebase","firebase-functions-hash":"43d9156437553388983b6d4bd45f458b2710114e"},"sourceUploadUrl":"https://storage.googleapis.com/uploads-614986837207.us-central1.cloudfunctions.appspot.com/06b1aaf8-e76c-468b-a782-4b05c79ebf9b.zip?GoogleAccessId=service-165086124569@gcf-admin-robot.iam.gserviceaccount.com&Expires=1675358059&Signature=o%2F%2FigK0Zp4j8fRzjKifOu8KyIObQMTyWpzWYxh%2BGVgvcvZvQigjTX5DinWxIjUoy7aOghcu6rudXb00QiMrusyBsF%2FNviZyCGrRCag5B2Cj8cQCl4fcqAcyQZa1xttF1EhQX25P%2Fs4HzQBtoHptpW%2BeqICZA9kw6Iz6s%2BA2tID%2FxSYXv427vi3fz6xdYcQjgwSbLNIJvNc0%2B6BFNilUpnN%2BU%2BxgHEFLtgndxV6anwdKlSA9NCkmDDlP0LMOTFiV1vqpQ0%2FxsGTh4xp3Mrj2gNYLhDpmmiU53fhT3c708yVSMWZ1%2Fl2B4Qhm0w2ibbTH6vy%2F4aB3eO8yF4r8wCisj9A%3D%3D","environmentVariables":{"FIREBASE_CONFIG":"{\"projectId\":\"react-tut-184010\",\"databaseURL\":\"https://react-tut-184010.firebaseio.com\",\"storageBucket\":\"react-tut-184010.appspot.com\",\"locationId\":\"us-central\"}","GCLOUD_PROJECT":"react-tut-184010","EVENTARC_CLOUD_EVENT_SOURCE":"projects/react-tut-184010/locations/us-central1/functions/ssrReact"},"runtime":"nodejs16","dockerRegistry":"ARTIFACT_REGISTRY"},"versionId":"1","updateTime":"2023-02-02T16:44:21Z","buildId":"d8b86291-5d56-4216-aee6-f78aa5f4e4d1","buildName":"projects/165086124569/locations/us-central1/builds/d8b86291-5d56-4216-aee6-f78aa5f4e4d1"}}
[debug] [2023-02-02T16:45:47.301Z] [create-default-us-central1-ssrReact] Retrying task index 0
[debug] [2023-02-02T16:45:47.301Z] >>> [apiv2][query] GET https://cloudfunctions.googleapis.com/v1/operations/cmVhY3QtdHV0LTE4NDAxMC91cy1jZW50cmFsMS9zc3JSZWFjdC9NN25HTFFVQU5BNA [none]
[debug] [2023-02-02T16:45:47.721Z] <<< [apiv2][status] GET https://cloudfunctions.googleapis.com/v1/operations/cmVhY3QtdHV0LTE4NDAxMC91cy1jZW50cmFsMS9zc3JSZWFjdC9NN25HTFFVQU5BNA 200
[debug] [2023-02-02T16:45:47.722Z] <<< [apiv2][body] GET https://cloudfunctions.googleapis.com/v1/operations/cmVhY3QtdHV0LTE4NDAxMC91cy1jZW50cmFsMS9zc3JSZWFjdC9NN25HTFFVQU5BNA {"name":"operations/cmVhY3QtdHV0LTE4NDAxMC91cy1jZW50cmFsMS9zc3JSZWFjdC9NN25HTFFVQU5BNA","metadata":{"@type":"type.googleapis.com/google.cloud.functions.v1.OperationMetadataV1","target":"projects/react-tut-184010/locations/us-central1/functions/ssrReact","type":"CREATE_FUNCTION","request":{"@type":"type.googleapis.com/google.cloud.functions.v1.CloudFunction","name":"projects/react-tut-184010/locations/us-central1/functions/ssrReact","httpsTrigger":{"securityLevel":"SECURE_ALWAYS"},"entryPoint":"ssrReact","labels":{"deployment-tool":"cli-firebase","firebase-functions-hash":"43d9156437553388983b6d4bd45f458b2710114e"},"sourceUploadUrl":"https://storage.googleapis.com/uploads-614986837207.us-central1.cloudfunctions.appspot.com/06b1aaf8-e76c-468b-a782-4b05c79ebf9b.zip?GoogleAccessId=service-165086124569@gcf-admin-robot.iam.gserviceaccount.com&Expires=1675358059&Signature=o%2F%2FigK0Zp4j8fRzjKifOu8KyIObQMTyWpzWYxh%2BGVgvcvZvQigjTX5DinWxIjUoy7aOghcu6rudXb00QiMrusyBsF%2FNviZyCGrRCag5B2Cj8cQCl4fcqAcyQZa1xttF1EhQX25P%2Fs4HzQBtoHptpW%2BeqICZA9kw6Iz6s%2BA2tID%2FxSYXv427vi3fz6xdYcQjgwSbLNIJvNc0%2B6BFNilUpnN%2BU%2BxgHEFLtgndxV6anwdKlSA9NCkmDDlP0LMOTFiV1vqpQ0%2FxsGTh4xp3Mrj2gNYLhDpmmiU53fhT3c708yVSMWZ1%2Fl2B4Qhm0w2ibbTH6vy%2F4aB3eO8yF4r8wCisj9A%3D%3D","environmentVariables":{"FIREBASE_CONFIG":"{\"projectId\":\"react-tut-184010\",\"databaseURL\":\"https://react-tut-184010.firebaseio.com\",\"storageBucket\":\"react-tut-184010.appspot.com\",\"locationId\":\"us-central\"}","GCLOUD_PROJECT":"react-tut-184010","EVENTARC_CLOUD_EVENT_SOURCE":"projects/react-tut-184010/locations/us-central1/functions/ssrReact"},"runtime":"nodejs16","dockerRegistry":"ARTIFACT_REGISTRY"},"versionId":"1","updateTime":"2023-02-02T16:44:21Z","buildId":"d8b86291-5d56-4216-aee6-f78aa5f4e4d1","buildName":"projects/165086124569/locations/us-central1/builds/d8b86291-5d56-4216-aee6-f78aa5f4e4d1"}}
[debug] [2023-02-02T16:45:57.724Z] [create-default-us-central1-ssrReact] Retrying task index 0
[debug] [2023-02-02T16:45:57.724Z] >>> [apiv2][query] GET https://cloudfunctions.googleapis.com/v1/operations/cmVhY3QtdHV0LTE4NDAxMC91cy1jZW50cmFsMS9zc3JSZWFjdC9NN25HTFFVQU5BNA [none]
[debug] [2023-02-02T16:45:58.298Z] <<< [apiv2][status] GET https://cloudfunctions.googleapis.com/v1/operations/cmVhY3QtdHV0LTE4NDAxMC91cy1jZW50cmFsMS9zc3JSZWFjdC9NN25HTFFVQU5BNA 200
[debug] [2023-02-02T16:45:58.298Z] <<< [apiv2][body] GET https://cloudfunctions.googleapis.com/v1/operations/cmVhY3QtdHV0LTE4NDAxMC91cy1jZW50cmFsMS9zc3JSZWFjdC9NN25HTFFVQU5BNA {"name":"operations/cmVhY3QtdHV0LTE4NDAxMC91cy1jZW50cmFsMS9zc3JSZWFjdC9NN25HTFFVQU5BNA","metadata":{"@type":"type.googleapis.com/google.cloud.functions.v1.OperationMetadataV1","target":"projects/react-tut-184010/locations/us-central1/functions/ssrReact","type":"CREATE_FUNCTION","request":{"@type":"type.googleapis.com/google.cloud.functions.v1.CloudFunction","name":"projects/react-tut-184010/locations/us-central1/functions/ssrReact","httpsTrigger":{"securityLevel":"SECURE_ALWAYS"},"entryPoint":"ssrReact","labels":{"deployment-tool":"cli-firebase","firebase-functions-hash":"43d9156437553388983b6d4bd45f458b2710114e"},"sourceUploadUrl":"https://storage.googleapis.com/uploads-614986837207.us-central1.cloudfunctions.appspot.com/06b1aaf8-e76c-468b-a782-4b05c79ebf9b.zip?GoogleAccessId=service-165086124569@gcf-admin-robot.iam.gserviceaccount.com&Expires=1675358059&Signature=o%2F%2FigK0Zp4j8fRzjKifOu8KyIObQMTyWpzWYxh%2BGVgvcvZvQigjTX5DinWxIjUoy7aOghcu6rudXb00QiMrusyBsF%2FNviZyCGrRCag5B2Cj8cQCl4fcqAcyQZa1xttF1EhQX25P%2Fs4HzQBtoHptpW%2BeqICZA9kw6Iz6s%2BA2tID%2FxSYXv427vi3fz6xdYcQjgwSbLNIJvNc0%2B6BFNilUpnN%2BU%2BxgHEFLtgndxV6anwdKlSA9NCkmDDlP0LMOTFiV1vqpQ0%2FxsGTh4xp3Mrj2gNYLhDpmmiU53fhT3c708yVSMWZ1%2Fl2B4Qhm0w2ibbTH6vy%2F4aB3eO8yF4r8wCisj9A%3D%3D","environmentVariables":{"FIREBASE_CONFIG":"{\"projectId\":\"react-tut-184010\",\"databaseURL\":\"https://react-tut-184010.firebaseio.com\",\"storageBucket\":\"react-tut-184010.appspot.com\",\"locationId\":\"us-central\"}","GCLOUD_PROJECT":"react-tut-184010","EVENTARC_CLOUD_EVENT_SOURCE":"projects/react-tut-184010/locations/us-central1/functions/ssrReact"},"runtime":"nodejs16","dockerRegistry":"ARTIFACT_REGISTRY"},"versionId":"1","updateTime":"2023-02-02T16:44:21Z","buildId":"d8b86291-5d56-4216-aee6-f78aa5f4e4d1","buildName":"projects/165086124569/locations/us-central1/builds/d8b86291-5d56-4216-aee6-f78aa5f4e4d1"}}
[debug] [2023-02-02T16:46:08.300Z] [create-default-us-central1-ssrReact] Retrying task index 0
[debug] [2023-02-02T16:46:08.300Z] >>> [apiv2][query] GET https://cloudfunctions.googleapis.com/v1/operations/cmVhY3QtdHV0LTE4NDAxMC91cy1jZW50cmFsMS9zc3JSZWFjdC9NN25HTFFVQU5BNA [none]
[debug] [2023-02-02T16:46:08.931Z] <<< [apiv2][status] GET https://cloudfunctions.googleapis.com/v1/operations/cmVhY3QtdHV0LTE4NDAxMC91cy1jZW50cmFsMS9zc3JSZWFjdC9NN25HTFFVQU5BNA 200
[debug] [2023-02-02T16:46:08.931Z] <<< [apiv2][body] GET https://cloudfunctions.googleapis.com/v1/operations/cmVhY3QtdHV0LTE4NDAxMC91cy1jZW50cmFsMS9zc3JSZWFjdC9NN25HTFFVQU5BNA {"name":"operations/cmVhY3QtdHV0LTE4NDAxMC91cy1jZW50cmFsMS9zc3JSZWFjdC9NN25HTFFVQU5BNA","metadata":{"@type":"type.googleapis.com/google.cloud.functions.v1.OperationMetadataV1","target":"projects/react-tut-184010/locations/us-central1/functions/ssrReact","type":"CREATE_FUNCTION","request":{"@type":"type.googleapis.com/google.cloud.functions.v1.CloudFunction","name":"projects/react-tut-184010/locations/us-central1/functions/ssrReact","httpsTrigger":{"securityLevel":"SECURE_ALWAYS"},"entryPoint":"ssrReact","labels":{"deployment-tool":"cli-firebase","firebase-functions-hash":"43d9156437553388983b6d4bd45f458b2710114e"},"sourceUploadUrl":"https://storage.googleapis.com/uploads-614986837207.us-central1.cloudfunctions.appspot.com/06b1aaf8-e76c-468b-a782-4b05c79ebf9b.zip?GoogleAccessId=service-165086124569@gcf-admin-robot.iam.gserviceaccount.com&Expires=1675358059&Signature=o%2F%2FigK0Zp4j8fRzjKifOu8KyIObQMTyWpzWYxh%2BGVgvcvZvQigjTX5DinWxIjUoy7aOghcu6rudXb00QiMrusyBsF%2FNviZyCGrRCag5B2Cj8cQCl4fcqAcyQZa1xttF1EhQX25P%2Fs4HzQBtoHptpW%2BeqICZA9kw6Iz6s%2BA2tID%2FxSYXv427vi3fz6xdYcQjgwSbLNIJvNc0%2B6BFNilUpnN%2BU%2BxgHEFLtgndxV6anwdKlSA9NCkmDDlP0LMOTFiV1vqpQ0%2FxsGTh4xp3Mrj2gNYLhDpmmiU53fhT3c708yVSMWZ1%2Fl2B4Qhm0w2ibbTH6vy%2F4aB3eO8yF4r8wCisj9A%3D%3D","environmentVariables":{"FIREBASE_CONFIG":"{\"projectId\":\"react-tut-184010\",\"databaseURL\":\"https://react-tut-184010.firebaseio.com\",\"storageBucket\":\"react-tut-184010.appspot.com\",\"locationId\":\"us-central\"}","GCLOUD_PROJECT":"react-tut-184010","EVENTARC_CLOUD_EVENT_SOURCE":"projects/react-tut-184010/locations/us-central1/functions/ssrReact"},"runtime":"nodejs16","dockerRegistry":"ARTIFACT_REGISTRY"},"versionId":"1","updateTime":"2023-02-02T16:44:21Z","buildId":"d8b86291-5d56-4216-aee6-f78aa5f4e4d1","sourceToken":"4d2ff292-6bd0-4453-9eb3-359a32cfa8b4","buildName":"projects/165086124569/locations/us-central1/builds/d8b86291-5d56-4216-aee6-f78aa5f4e4d1"}}
[debug] [2023-02-02T16:46:08.932Z] Got source token 4d2ff292-6bd0-4453-9eb3-359a32cfa8b4 for region us-central1
[debug] [2023-02-02T16:46:18.933Z] [create-default-us-central1-ssrReact] Retrying task index 0
[debug] [2023-02-02T16:46:18.933Z] >>> [apiv2][query] GET https://cloudfunctions.googleapis.com/v1/operations/cmVhY3QtdHV0LTE4NDAxMC91cy1jZW50cmFsMS9zc3JSZWFjdC9NN25HTFFVQU5BNA [none]
[debug] [2023-02-02T16:46:19.360Z] <<< [apiv2][status] GET https://cloudfunctions.googleapis.com/v1/operations/cmVhY3QtdHV0LTE4NDAxMC91cy1jZW50cmFsMS9zc3JSZWFjdC9NN25HTFFVQU5BNA 200
[debug] [2023-02-02T16:46:19.360Z] <<< [apiv2][body] GET https://cloudfunctions.googleapis.com/v1/operations/cmVhY3QtdHV0LTE4NDAxMC91cy1jZW50cmFsMS9zc3JSZWFjdC9NN25HTFFVQU5BNA {"name":"operations/cmVhY3QtdHV0LTE4NDAxMC91cy1jZW50cmFsMS9zc3JSZWFjdC9NN25HTFFVQU5BNA","metadata":{"@type":"type.googleapis.com/google.cloud.functions.v1.OperationMetadataV1","target":"projects/react-tut-184010/locations/us-central1/functions/ssrReact","type":"CREATE_FUNCTION","request":{"@type":"type.googleapis.com/google.cloud.functions.v1.CloudFunction","name":"projects/react-tut-184010/locations/us-central1/functions/ssrReact","httpsTrigger":{"securityLevel":"SECURE_ALWAYS"},"entryPoint":"ssrReact","labels":{"deployment-tool":"cli-firebase","firebase-functions-hash":"43d9156437553388983b6d4bd45f458b2710114e"},"sourceUploadUrl":"https://storage.googleapis.com/uploads-614986837207.us-central1.cloudfunctions.appspot.com/06b1aaf8-e76c-468b-a782-4b05c79ebf9b.zip?GoogleAccessId=service-165086124569@gcf-admin-robot.iam.gserviceaccount.com&Expires=1675358059&Signature=o%2F%2FigK0Zp4j8fRzjKifOu8KyIObQMTyWpzWYxh%2BGVgvcvZvQigjTX5DinWxIjUoy7aOghcu6rudXb00QiMrusyBsF%2FNviZyCGrRCag5B2Cj8cQCl4fcqAcyQZa1xttF1EhQX25P%2Fs4HzQBtoHptpW%2BeqICZA9kw6Iz6s%2BA2tID%2FxSYXv427vi3fz6xdYcQjgwSbLNIJvNc0%2B6BFNilUpnN%2BU%2BxgHEFLtgndxV6anwdKlSA9NCkmDDlP0LMOTFiV1vqpQ0%2FxsGTh4xp3Mrj2gNYLhDpmmiU53fhT3c708yVSMWZ1%2Fl2B4Qhm0w2ibbTH6vy%2F4aB3eO8yF4r8wCisj9A%3D%3D","environmentVariables":{"FIREBASE_CONFIG":"{\"projectId\":\"react-tut-184010\",\"databaseURL\":\"https://react-tut-184010.firebaseio.com\",\"storageBucket\":\"react-tut-184010.appspot.com\",\"locationId\":\"us-central\"}","GCLOUD_PROJECT":"react-tut-184010","EVENTARC_CLOUD_EVENT_SOURCE":"projects/react-tut-184010/locations/us-central1/functions/ssrReact"},"runtime":"nodejs16","dockerRegistry":"ARTIFACT_REGISTRY"},"versionId":"1","updateTime":"2023-02-02T16:44:21Z","buildId":"d8b86291-5d56-4216-aee6-f78aa5f4e4d1","sourceToken":"4d2ff292-6bd0-4453-9eb3-359a32cfa8b4","buildName":"projects/165086124569/locations/us-central1/builds/d8b86291-5d56-4216-aee6-f78aa5f4e4d1"}}
[debug] [2023-02-02T16:46:19.360Z] Got source token 4d2ff292-6bd0-4453-9eb3-359a32cfa8b4 for region us-central1
[debug] [2023-02-02T16:46:29.362Z] [create-default-us-central1-ssrReact] Retrying task index 0
[debug] [2023-02-02T16:46:29.362Z] >>> [apiv2][query] GET https://cloudfunctions.googleapis.com/v1/operations/cmVhY3QtdHV0LTE4NDAxMC91cy1jZW50cmFsMS9zc3JSZWFjdC9NN25HTFFVQU5BNA [none]
[debug] [2023-02-02T16:46:29.813Z] <<< [apiv2][status] GET https://cloudfunctions.googleapis.com/v1/operations/cmVhY3QtdHV0LTE4NDAxMC91cy1jZW50cmFsMS9zc3JSZWFjdC9NN25HTFFVQU5BNA 200
[debug] [2023-02-02T16:46:29.813Z] <<< [apiv2][body] GET https://cloudfunctions.googleapis.com/v1/operations/cmVhY3QtdHV0LTE4NDAxMC91cy1jZW50cmFsMS9zc3JSZWFjdC9NN25HTFFVQU5BNA {"name":"operations/cmVhY3QtdHV0LTE4NDAxMC91cy1jZW50cmFsMS9zc3JSZWFjdC9NN25HTFFVQU5BNA","metadata":{"@type":"type.googleapis.com/google.cloud.functions.v1.OperationMetadataV1","target":"projects/react-tut-184010/locations/us-central1/functions/ssrReact","type":"CREATE_FUNCTION","request":{"@type":"type.googleapis.com/google.cloud.functions.v1.CloudFunction","name":"projects/react-tut-184010/locations/us-central1/functions/ssrReact","httpsTrigger":{"securityLevel":"SECURE_ALWAYS"},"entryPoint":"ssrReact","labels":{"deployment-tool":"cli-firebase","firebase-functions-hash":"43d9156437553388983b6d4bd45f458b2710114e"},"sourceUploadUrl":"https://storage.googleapis.com/uploads-614986837207.us-central1.cloudfunctions.appspot.com/06b1aaf8-e76c-468b-a782-4b05c79ebf9b.zip?GoogleAccessId=service-165086124569@gcf-admin-robot.iam.gserviceaccount.com&Expires=1675358059&Signature=o%2F%2FigK0Zp4j8fRzjKifOu8KyIObQMTyWpzWYxh%2BGVgvcvZvQigjTX5DinWxIjUoy7aOghcu6rudXb00QiMrusyBsF%2FNviZyCGrRCag5B2Cj8cQCl4fcqAcyQZa1xttF1EhQX25P%2Fs4HzQBtoHptpW%2BeqICZA9kw6Iz6s%2BA2tID%2FxSYXv427vi3fz6xdYcQjgwSbLNIJvNc0%2B6BFNilUpnN%2BU%2BxgHEFLtgndxV6anwdKlSA9NCkmDDlP0LMOTFiV1vqpQ0%2FxsGTh4xp3Mrj2gNYLhDpmmiU53fhT3c708yVSMWZ1%2Fl2B4Qhm0w2ibbTH6vy%2F4aB3eO8yF4r8wCisj9A%3D%3D","environmentVariables":{"FIREBASE_CONFIG":"{\"projectId\":\"react-tut-184010\",\"databaseURL\":\"https://react-tut-184010.firebaseio.com\",\"storageBucket\":\"react-tut-184010.appspot.com\",\"locationId\":\"us-central\"}","GCLOUD_PROJECT":"react-tut-184010","EVENTARC_CLOUD_EVENT_SOURCE":"projects/react-tut-184010/locations/us-central1/functions/ssrReact"},"runtime":"nodejs16","dockerRegistry":"ARTIFACT_REGISTRY"},"versionId":"1","updateTime":"2023-02-02T16:44:21Z","buildId":"d8b86291-5d56-4216-aee6-f78aa5f4e4d1","sourceToken":"4d2ff292-6bd0-4453-9eb3-359a32cfa8b4","buildName":"projects/165086124569/locations/us-central1/builds/d8b86291-5d56-4216-aee6-f78aa5f4e4d1"}}
[debug] [2023-02-02T16:46:29.814Z] Got source token 4d2ff292-6bd0-4453-9eb3-359a32cfa8b4 for region us-central1
[debug] [2023-02-02T16:46:39.815Z] [create-default-us-central1-ssrReact] Retrying task index 0
[debug] [2023-02-02T16:46:39.815Z] >>> [apiv2][query] GET https://cloudfunctions.googleapis.com/v1/operations/cmVhY3QtdHV0LTE4NDAxMC91cy1jZW50cmFsMS9zc3JSZWFjdC9NN25HTFFVQU5BNA [none]
[debug] [2023-02-02T16:46:40.455Z] <<< [apiv2][status] GET https://cloudfunctions.googleapis.com/v1/operations/cmVhY3QtdHV0LTE4NDAxMC91cy1jZW50cmFsMS9zc3JSZWFjdC9NN25HTFFVQU5BNA 200
[debug] [2023-02-02T16:46:40.455Z] <<< [apiv2][body] GET https://cloudfunctions.googleapis.com/v1/operations/cmVhY3QtdHV0LTE4NDAxMC91cy1jZW50cmFsMS9zc3JSZWFjdC9NN25HTFFVQU5BNA {"name":"operations/cmVhY3QtdHV0LTE4NDAxMC91cy1jZW50cmFsMS9zc3JSZWFjdC9NN25HTFFVQU5BNA","metadata":{"@type":"type.googleapis.com/google.cloud.functions.v1.OperationMetadataV1","target":"projects/react-tut-184010/locations/us-central1/functions/ssrReact","type":"CREATE_FUNCTION","request":{"@type":"type.googleapis.com/google.cloud.functions.v1.CloudFunction","name":"projects/react-tut-184010/locations/us-central1/functions/ssrReact","httpsTrigger":{"securityLevel":"SECURE_ALWAYS"},"entryPoint":"ssrReact","labels":{"deployment-tool":"cli-firebase","firebase-functions-hash":"43d9156437553388983b6d4bd45f458b2710114e"},"sourceUploadUrl":"https://storage.googleapis.com/uploads-614986837207.us-central1.cloudfunctions.appspot.com/06b1aaf8-e76c-468b-a782-4b05c79ebf9b.zip?GoogleAccessId=service-165086124569@gcf-admin-robot.iam.gserviceaccount.com&Expires=1675358059&Signature=o%2F%2FigK0Zp4j8fRzjKifOu8KyIObQMTyWpzWYxh%2BGVgvcvZvQigjTX5DinWxIjUoy7aOghcu6rudXb00QiMrusyBsF%2FNviZyCGrRCag5B2Cj8cQCl4fcqAcyQZa1xttF1EhQX25P%2Fs4HzQBtoHptpW%2BeqICZA9kw6Iz6s%2BA2tID%2FxSYXv427vi3fz6xdYcQjgwSbLNIJvNc0%2B6BFNilUpnN%2BU%2BxgHEFLtgndxV6anwdKlSA9NCkmDDlP0LMOTFiV1vqpQ0%2FxsGTh4xp3Mrj2gNYLhDpmmiU53fhT3c708yVSMWZ1%2Fl2B4Qhm0w2ibbTH6vy%2F4aB3eO8yF4r8wCisj9A%3D%3D","environmentVariables":{"FIREBASE_CONFIG":"{\"projectId\":\"react-tut-184010\",\"databaseURL\":\"https://react-tut-184010.firebaseio.com\",\"storageBucket\":\"react-tut-184010.appspot.com\",\"locationId\":\"us-central\"}","GCLOUD_PROJECT":"react-tut-184010","EVENTARC_CLOUD_EVENT_SOURCE":"projects/react-tut-184010/locations/us-central1/functions/ssrReact"},"runtime":"nodejs16","dockerRegistry":"ARTIFACT_REGISTRY"},"versionId":"1","updateTime":"2023-02-02T16:46:32Z","buildId":"d8b86291-5d56-4216-aee6-f78aa5f4e4d1","sourceToken":"4d2ff292-6bd0-4453-9eb3-359a32cfa8b4","buildName":"projects/165086124569/locations/us-central1/builds/d8b86291-5d56-4216-aee6-f78aa5f4e4d1"},"done":true,"error":{"code":3,"message":"Function failed on loading user code. This is likely due to a bug in the user code. Error message: Error: please examine your function logs to see the error cause: https://cloud.google.com/functions/docs/monitoring/logging#viewing_logs. Additional troubleshooting documentation can be found at https://cloud.google.com/functions/docs/troubleshooting#logging. Please visit https://cloud.google.com/functions/docs/troubleshooting for in-depth troubleshooting documentation."}}
[debug] [2023-02-02T16:46:40.455Z] Got source token 4d2ff292-6bd0-4453-9eb3-359a32cfa8b4 for region us-central1
[error] Function failed on loading user code. This is likely due to a bug in the user code. Error message: Error: please examine your function logs to see the error cause: https://cloud.google.com/functions/docs/monitoring/logging#viewing_logs. Additional troubleshooting documentation can be found at https://cloud.google.com/functions/docs/troubleshooting#logging. Please visit https://cloud.google.com/functions/docs/troubleshooting for in-depth troubleshooting documentation.
[debug] [2023-02-02T16:46:40.460Z] Total Function Deployment time: 139969
[debug] [2023-02-02T16:46:40.460Z] 1 Functions Deployed
[debug] [2023-02-02T16:46:40.460Z] 1 Functions Errored
[debug] [2023-02-02T16:46:40.460Z] 0 Function Deployments Aborted
[debug] [2023-02-02T16:46:40.460Z] Average Function Deployment time: 139968
[info] 
[info] Functions deploy had errors with the following functions:
	ssrReact(us-central1)
[debug] [2023-02-02T16:46:40.795Z] Not printing URL for HTTPS function. Typically this means it didn't match a filter or we failed deployment
[info] i  functions: cleaning up build files... 
[debug] [2023-02-02T16:46:40.796Z] >>> [apiv2][query] DELETE https://artifactregistry.googleapis.com/v1beta2/projects/react-tut-184010/locations/us-central1/repositories/gcf-artifacts/packages/ssr_react [none]
[debug] [2023-02-02T16:46:40.797Z] >>> [apiv2][query] GET https://us.gcr.io/v2/react-tut-184010/gcf/us-central1/tags/list [none]
[debug] [2023-02-02T16:46:41.828Z] <<< [apiv2][status] DELETE https://artifactregistry.googleapis.com/v1beta2/projects/react-tut-184010/locations/us-central1/repositories/gcf-artifacts/packages/ssr_react 200
[debug] [2023-02-02T16:46:41.829Z] <<< [apiv2][body] DELETE https://artifactregistry.googleapis.com/v1beta2/projects/react-tut-184010/locations/us-central1/repositories/gcf-artifacts/packages/ssr_react {"name":"projects/react-tut-184010/locations/us-central1/operations/6da8d296-b730-4eb8-98df-fb3053ec31b7","metadata":{"@type":"type.googleapis.com/google.devtools.artifactregistry.v1beta2.OperationMetadata"}}
[debug] [2023-02-02T16:46:41.829Z] >>> [apiv2][query] GET https://artifactregistry.googleapis.com/v1beta2/projects/react-tut-184010/locations/us-central1/operations/6da8d296-b730-4eb8-98df-fb3053ec31b7 [none]
[debug] [2023-02-02T16:46:42.754Z] <<< [apiv2][status] GET https://artifactregistry.googleapis.com/v1beta2/projects/react-tut-184010/locations/us-central1/operations/6da8d296-b730-4eb8-98df-fb3053ec31b7 200
[debug] [2023-02-02T16:46:42.755Z] <<< [apiv2][body] GET https://artifactregistry.googleapis.com/v1beta2/projects/react-tut-184010/locations/us-central1/operations/6da8d296-b730-4eb8-98df-fb3053ec31b7 {"name":"projects/react-tut-184010/locations/us-central1/operations/6da8d296-b730-4eb8-98df-fb3053ec31b7","metadata":{"@type":"type.googleapis.com/google.devtools.artifactregistry.v1beta2.OperationMetadata"},"done":true,"response":{"@type":"type.googleapis.com/google.protobuf.Empty"}}
[debug] [2023-02-02T16:46:42.756Z] <<< [apiv2][status] GET https://us.gcr.io/v2/react-tut-184010/gcf/us-central1/tags/list 200
[debug] [2023-02-02T16:46:42.756Z] <<< [apiv2][body] GET https://us.gcr.io/v2/react-tut-184010/gcf/us-central1/tags/list {"child":[],"manifest":{},"name":"react-tut-184010/gcf/us-central1","tags":[]}
[debug] [2023-02-02T16:46:42.756Z] Could not find image for function projects/react-tut-184010/locations/us-central1/functions/ssrReact
[debug] [2023-02-02T16:46:42.756Z] Functions deploy failed.
[debug] [2023-02-02T16:46:42.756Z] {
  "endpoint": {
    "id": "ssrReact",
    "project": "react-tut-184010",
    "region": "us-central1",
    "entryPoint": "ssrReact",
    "platform": "gcfv1",
    "runtime": "nodejs16",
    "httpsTrigger": {},
    "environmentVariables": {
      "FIREBASE_CONFIG": "{\"projectId\":\"react-tut-184010\",\"databaseURL\":\"https://react-tut-184010.firebaseio.com\",\"storageBucket\":\"react-tut-184010.appspot.com\",\"locationId\":\"us-central\"}",
      "GCLOUD_PROJECT": "react-tut-184010",
      "EVENTARC_CLOUD_EVENT_SOURCE": "projects/react-tut-184010/locations/us-central1/functions/ssrReact"
    },
    "codebase": "default",
    "targetedByOnly": false,
    "hash": "43d9156437553388983b6d4bd45f458b2710114e",
    "labels": {
      "deployment-tool": "cli-firebase"
    }
  },
  "op": "create",
  "original": {
    "name": "FirebaseError",
    "children": [],
    "exit": 1,
    "message": "Function failed on loading user code. This is likely due to a bug in the user code. Error message: Error: please examine your function logs to see the error cause: https://cloud.google.com/functions/docs/monitoring/logging#viewing_logs. Additional troubleshooting documentation can be found at https://cloud.google.com/functions/docs/troubleshooting#logging. Please visit https://cloud.google.com/functions/docs/troubleshooting for in-depth troubleshooting documentation.",
    "status": 3
  }
}
[debug] [2023-02-02T16:46:43.003Z] Error: Failed to create function ssrReact in region us-central1
    at /Users/sabashavidze/Destkop - Saba/ssr-react-firebase/node_modules/firebase-tools/lib/deploy/functions/release/fabricator.js:48:11
    at processTicksAndRejections (node:internal/process/task_queues:96:5)
    at async Fabricator.createV1Function (/Users/sabashavidze/Destkop - Saba/ssr-react-firebase/node_modules/firebase-tools/lib/deploy/functions/release/fabricator.js:177:32)
    at async Fabricator.createEndpoint (/Users/sabashavidze/Destkop - Saba/ssr-react-firebase/node_modules/firebase-tools/lib/deploy/functions/release/fabricator.js:129:13)
    at async handle (/Users/sabashavidze/Destkop - Saba/ssr-react-firebase/node_modules/firebase-tools/lib/deploy/functions/release/fabricator.js:85:17)
[error] 
[error] Error: There was an error deploying functions
[debug] [2023-02-02T16:54:31.982Z] ----------------------------------------------------------------------
[debug] [2023-02-02T16:54:31.983Z] Command:       /usr/local/bin/node /Users/sabashavidze/Destkop - Saba/ssr-react-firebase/node_modules/.bin/firebase deploy
[debug] [2023-02-02T16:54:31.983Z] CLI Version:   11.22.0
[debug] [2023-02-02T16:54:31.983Z] Platform:      darwin
[debug] [2023-02-02T16:54:31.983Z] Node Version:  v16.15.1
[debug] [2023-02-02T16:54:31.984Z] Time:          Thu Feb 02 2023 20:54:31 GMT+0400 (Georgia Standard Time)
[debug] [2023-02-02T16:54:31.984Z] ----------------------------------------------------------------------
[debug] 
[debug] [2023-02-02T16:54:32.012Z] Field ".functions" in "firebase.json" is possibly invalid: should be object
[debug] [2023-02-02T16:54:32.012Z] Object ".functions[0]" in "firebase.json" has unknown property: {"additionalProperty":"rewrite"}
[debug] [2023-02-02T16:54:32.012Z] Field ".functions" in "firebase.json" is possibly invalid: should match some schema in anyOf
[debug] [2023-02-02T16:54:32.015Z] > command requires scopes: ["email","openid","https://www.googleapis.com/auth/cloudplatformprojects.readonly","https://www.googleapis.com/auth/firebase","https://www.googleapis.com/auth/cloud-platform"]
[debug] [2023-02-02T16:54:32.015Z] > authorizing via signed-in user (sabashavidze@gmail.com)
[debug] [2023-02-02T16:54:32.015Z] [iam] checking project react-tut-184010 for permissions ["cloudfunctions.functions.create","cloudfunctions.functions.delete","cloudfunctions.functions.get","cloudfunctions.functions.list","cloudfunctions.functions.update","cloudfunctions.operations.get","firebase.projects.get"]
[debug] [2023-02-02T16:54:32.016Z] >>> [apiv2][query] POST https://cloudresourcemanager.googleapis.com/v1/projects/react-tut-184010:testIamPermissions [none]
[debug] [2023-02-02T16:54:32.017Z] >>> [apiv2][(partial)header] POST https://cloudresourcemanager.googleapis.com/v1/projects/react-tut-184010:testIamPermissions x-goog-quota-user=projects/react-tut-184010
[debug] [2023-02-02T16:54:32.017Z] >>> [apiv2][body] POST https://cloudresourcemanager.googleapis.com/v1/projects/react-tut-184010:testIamPermissions {"permissions":["cloudfunctions.functions.create","cloudfunctions.functions.delete","cloudfunctions.functions.get","cloudfunctions.functions.list","cloudfunctions.functions.update","cloudfunctions.operations.get","firebase.projects.get"]}
